[11:57:29.860] Global cache location '/home/tsotetsi/.cache/typescript/4.6', safe file path '/usr/lib/node_modules/typescript/lib/typingSafeList.json', types map path /usr/lib/node_modules/typescript/lib/typesMap.json
[11:57:29.861] Processing cache location '/home/tsotetsi/.cache/typescript/4.6'
[11:57:29.861] Trying to find '/home/tsotetsi/.cache/typescript/4.6/package.json'...
[11:57:29.861] Loaded content of '/home/tsotetsi/.cache/typescript/4.6/package.json': {"private":true,"dependencies":{"types-registry":"^0.1.600"},"devDependencies":{"@types/eslint":"^8.4.5","@types/hoist-non-react-statics":"^3.3.1","@types/lodash.throttle":"^4.1.7","@types/node":"^18.0.3","@types/react":"^18.0.15","@types/react-dom":"^18.0.6","@types/react-is":"^17.0.3","@types/react-scroll":"^1.8.3","@types/shallowequal":"^1.1.1","@types/styled-components":"^5.1.25"}}
[11:57:29.861] Loaded content of '/home/tsotetsi/.cache/typescript/4.6/package-lock.json'
[11:57:29.869] Adding entry into typings cache: 'eslint' => '/home/tsotetsi/.cache/typescript/4.6/node_modules/@types/eslint/index.d.ts'
[11:57:29.872] Adding entry into typings cache: 'hoist-non-react-statics' => '/home/tsotetsi/.cache/typescript/4.6/node_modules/@types/hoist-non-react-statics/index.d.ts'
[11:57:29.872] Adding entry into typings cache: 'lodash.throttle' => '/home/tsotetsi/.cache/typescript/4.6/node_modules/@types/lodash.throttle/index.d.ts'
[11:57:29.875] Adding entry into typings cache: 'node' => '/home/tsotetsi/.cache/typescript/4.6/node_modules/@types/node/index.d.ts'
[11:57:29.877] Adding entry into typings cache: 'react' => '/home/tsotetsi/.cache/typescript/4.6/node_modules/@types/react/index.d.ts'
[11:57:29.879] Adding entry into typings cache: 'react-dom' => '/home/tsotetsi/.cache/typescript/4.6/node_modules/@types/react-dom/index.d.ts'
[11:57:29.880] Adding entry into typings cache: 'react-is' => '/home/tsotetsi/.cache/typescript/4.6/node_modules/@types/react-is/index.d.ts'
[11:57:29.881] Adding entry into typings cache: 'react-scroll' => '/home/tsotetsi/.cache/typescript/4.6/node_modules/@types/react-scroll/index.d.ts'
[11:57:29.882] Adding entry into typings cache: 'shallowequal' => '/home/tsotetsi/.cache/typescript/4.6/node_modules/@types/shallowequal/index.d.ts'
[11:57:29.882] Adding entry into typings cache: 'styled-components' => '/home/tsotetsi/.cache/typescript/4.6/node_modules/@types/styled-components/index.d.ts'
[11:57:29.882] Finished processing cache location '/home/tsotetsi/.cache/typescript/4.6'
[11:57:29.883] Process id: 55836
[11:57:29.883] NPM location: /usr/bin/npm (explicit '--npmLocation' not  provided)
[11:57:29.883] validateDefaultNpmLocation: false
[11:57:29.883] Npm config file: /home/tsotetsi/.cache/typescript/4.6/package.json
[11:57:29.883] Updating types-registry npm package...
[11:57:29.883] Exec: /usr/bin/npm install --ignore-scripts types-registry@latest
[11:57:31.321]     Succeeded. stdout:
    
    up to date, audited 20 packages in 1s

found 0 vulnerabilities

[11:57:31.322] Updated types-registry npm package
[11:57:31.343] Got install request {"projectName":"/dev/null/inferredProject1*","fileNames":["/usr/lib/node_modules/typescript/lib/lib.es5.d.ts","/usr/lib/node_modules/typescript/lib/lib.es2015.d.ts","/usr/lib/node_modules/typescript/lib/lib.es2016.d.ts","/usr/lib/node_modules/typescript/lib/lib.dom.d.ts","/usr/lib/node_modules/typescript/lib/lib.dom.iterable.d.ts","/usr/lib/node_modules/typescript/lib/lib.webworker.importscripts.d.ts","/usr/lib/node_modules/typescript/lib/lib.scripthost.d.ts","/usr/lib/node_modules/typescript/lib/lib.es2015.core.d.ts","/usr/lib/node_modules/typescript/lib/lib.es2015.collection.d.ts","/usr/lib/node_modules/typescript/lib/lib.es2015.generator.d.ts","/usr/lib/node_modules/typescript/lib/lib.es2015.iterable.d.ts","/usr/lib/node_modules/typescript/lib/lib.es2015.promise.d.ts","/usr/lib/node_modules/typescript/lib/lib.es2015.proxy.d.ts","/usr/lib/node_modules/typescript/lib/lib.es2015.reflect.d.ts","/usr/lib/node_modules/typescript/lib/lib.es2015.symbol.d.ts","/usr/lib/node_modules/typescript/lib/lib.es2015.symbol.wellknown.d.ts","/usr/lib/node_modules/typescript/lib/lib.es2016.array.include.d.ts","/usr/lib/node_modules/typescript/lib/lib.es2016.full.d.ts","/home/tsotetsi/Projects/Code/Sandbox/crisp/styles/Theme.js","/home/tsotetsi/Projects/Code/Sandbox/crisp/pages/_app.js"],"compilerOptions":{"module":1,"target":3,"jsx":1,"allowJs":true,"allowSyntheticDefaultImports":true,"allowNonTsExtensions":true,"noEmitForJsFiles":true,"maxNodeModuleJsDepth":2},"typeAcquisition":{"enable":true,"include":[],"exclude":[]},"unresolvedImports":["@Components/footer","@Components/navigation","styles"],"projectRootPath":"/home/tsotetsi/Projects/Code/Sandbox/crisp/pages","kind":"discover"}
[11:57:31.350] Loaded safelist from types map file '/usr/lib/node_modules/typescript/lib/typesMap.json'
[11:57:31.350] Explicitly included types: []
[11:57:31.351] Inferred typings from unresolved imports: ["@Components/footer","@Components/navigation","styles"]
[11:57:31.351] Result: {"cachedTypingPaths":[],"newTypingNames":["@Components/footer","@Components/navigation","styles"],"filesToWatch":["/home/tsotetsi/Projects/Code/Sandbox/crisp/styles/bower_components","/home/tsotetsi/Projects/Code/Sandbox/crisp/styles/node_modules","/home/tsotetsi/Projects/Code/Sandbox/crisp/pages/bower_components","/home/tsotetsi/Projects/Code/Sandbox/crisp/pages/node_modules"]}
[11:57:31.351] Finished typings discovery: {"cachedTypingPaths":[],"newTypingNames":["@Components/footer","@Components/navigation","styles"],"filesToWatch":["/home/tsotetsi/Projects/Code/Sandbox/crisp/styles/bower_components","/home/tsotetsi/Projects/Code/Sandbox/crisp/styles/node_modules","/home/tsotetsi/Projects/Code/Sandbox/crisp/pages/bower_components","/home/tsotetsi/Projects/Code/Sandbox/crisp/pages/node_modules"]}
[11:57:31.351] DirectoryWatcher:: Added:: WatchInfo: /home/tsotetsi/Projects/Code/Sandbox/crisp/styles/bower_components
[11:57:31.351] DirectoryWatcher:: Added:: WatchInfo: /home/tsotetsi/Projects/Code/Sandbox/crisp/styles/bower_components 1 undefined Project: /dev/null/inferredProject1* watcher already invoked: false
[11:57:31.352] Elapsed:: 1.0434550000354648ms DirectoryWatcher:: Added:: WatchInfo: /home/tsotetsi/Projects/Code/Sandbox/crisp/styles/bower_components 1 undefined Project: /dev/null/inferredProject1* watcher already invoked: false
[11:57:31.352] DirectoryWatcher:: Added:: WatchInfo: /home/tsotetsi/Projects/Code/Sandbox/crisp/styles/node_modules
[11:57:31.353] DirectoryWatcher:: Added:: WatchInfo: /home/tsotetsi/Projects/Code/Sandbox/crisp/styles/node_modules 1 undefined Project: /dev/null/inferredProject1* watcher already invoked: false
[11:57:31.353] Elapsed:: 0.05454900022596121ms DirectoryWatcher:: Added:: WatchInfo: /home/tsotetsi/Projects/Code/Sandbox/crisp/styles/node_modules 1 undefined Project: /dev/null/inferredProject1* watcher already invoked: false
[11:57:31.353] DirectoryWatcher:: Added:: WatchInfo: /home/tsotetsi/Projects/Code/Sandbox/crisp/pages/bower_components
[11:57:31.353] DirectoryWatcher:: Added:: WatchInfo: /home/tsotetsi/Projects/Code/Sandbox/crisp/pages/bower_components 1 undefined Project: /dev/null/inferredProject1* watcher already invoked: false
[11:57:31.353] Elapsed:: 0.04001200012862682ms DirectoryWatcher:: Added:: WatchInfo: /home/tsotetsi/Projects/Code/Sandbox/crisp/pages/bower_components 1 undefined Project: /dev/null/inferredProject1* watcher already invoked: false
[11:57:31.353] DirectoryWatcher:: Added:: WatchInfo: /home/tsotetsi/Projects/Code/Sandbox/crisp/pages/node_modules
[11:57:31.353] DirectoryWatcher:: Added:: WatchInfo: /home/tsotetsi/Projects/Code/Sandbox/crisp/pages/node_modules 1 undefined Project: /dev/null/inferredProject1* watcher already invoked: false
[11:57:31.353] Elapsed:: 0.03305400023236871ms DirectoryWatcher:: Added:: WatchInfo: /home/tsotetsi/Projects/Code/Sandbox/crisp/pages/node_modules 1 undefined Project: /dev/null/inferredProject1* watcher already invoked: false
[11:57:31.353] Installing typings ["@Components/footer","@Components/navigation","styles"]
[11:57:31.353] '@Components/footer':: Entry for package 'Components__footer' does not exist in local types registry - skipping...
[11:57:31.353] '@Components/navigation':: Entry for package 'Components__navigation' does not exist in local types registry - skipping...
[11:57:31.353] 'styles':: Entry for package 'styles' does not exist in local types registry - skipping...
[11:57:31.353] All typings are known to be missing or invalid - no need to install more typings
[11:57:31.353] Sending response:
    {"projectName":"/dev/null/inferredProject1*","typeAcquisition":{"enable":true,"include":[],"exclude":[]},"compilerOptions":{"module":1,"target":3,"jsx":1,"allowJs":true,"allowSyntheticDefaultImports":true,"allowNonTsExtensions":true,"noEmitForJsFiles":true,"maxNodeModuleJsDepth":2},"typings":[],"unresolvedImports":["@Components/footer","@Components/navigation","styles"],"kind":"action::set"}
[11:57:31.353] Response has been sent.
[11:57:53.129] Got install request {"projectName":"/home/tsotetsi/Projects/Code/Sandbox/crisp/jsconfig.json","fileNames":["/usr/lib/node_modules/typescript/lib/lib.d.ts","/usr/lib/node_modules/typescript/lib/lib.es5.d.ts","/usr/lib/node_modules/typescript/lib/lib.dom.d.ts","/usr/lib/node_modules/typescript/lib/lib.webworker.importscripts.d.ts","/usr/lib/node_modules/typescript/lib/lib.scripthost.d.ts","/home/tsotetsi/Projects/Code/Sandbox/crisp/next.config.js","/home/tsotetsi/Projects/Code/Sandbox/crisp/components/footer/Footer.js","/home/tsotetsi/Projects/Code/Sandbox/crisp/components/hero/Hero.js","/home/tsotetsi/Projects/Code/Sandbox/crisp/components/navigation/Navigation.js","/home/tsotetsi/Projects/Code/Sandbox/crisp/out/_next/static/chunks/664-c4badf615f7413a4.js","/home/tsotetsi/Projects/Code/Sandbox/crisp/out/_next/static/chunks/framework-7dc8a65f4a0cda33.js","/home/tsotetsi/Projects/Code/Sandbox/crisp/out/_next/static/chunks/main-d68b15022ccbb959.js","/home/tsotetsi/Projects/Code/Sandbox/crisp/out/_next/static/chunks/polyfills-0d1b80a048d4787e.js","/home/tsotetsi/Projects/Code/Sandbox/crisp/out/_next/static/chunks/webpack-160012440f7532b7.js","/home/tsotetsi/Projects/Code/Sandbox/crisp/out/_next/static/chunks/pages/_app-9538641435026bd3.js","/home/tsotetsi/Projects/Code/Sandbox/crisp/out/_next/static/chunks/pages/_error-942918685354aae9.js","/home/tsotetsi/Projects/Code/Sandbox/crisp/out/_next/static/chunks/pages/about-3c8195572d3d33db.js","/home/tsotetsi/Projects/Code/Sandbox/crisp/out/_next/static/chunks/pages/index-0da8339e4c66b8e9.js","/home/tsotetsi/Projects/Code/Sandbox/crisp/out/_next/static/kCMSjAhy4eQ1OWgcgAKjh/_buildManifest.js","/home/tsotetsi/Projects/Code/Sandbox/crisp/out/_next/static/kCMSjAhy4eQ1OWgcgAKjh/_ssgManifest.js","/home/tsotetsi/Projects/Code/Sandbox/crisp/styles/Theme.js","/home/tsotetsi/Projects/Code/Sandbox/crisp/pages/_app.js","/home/tsotetsi/Projects/Code/Sandbox/crisp/pages/_document.js","/home/tsotetsi/Projects/Code/Sandbox/crisp/pages/about.js","/home/tsotetsi/Projects/Code/Sandbox/crisp/pages/index.js","/home/tsotetsi/Projects/Code/Sandbox/crisp/styles/Global.js"],"compilerOptions":{"allowJs":true,"maxNodeModuleJsDepth":2,"allowSyntheticDefaultImports":true,"skipLibCheck":true,"noEmit":true,"configFilePath":"/home/tsotetsi/Projects/Code/Sandbox/crisp/jsconfig.json","allowNonTsExtensions":true},"typeAcquisition":{"enable":true,"include":[],"exclude":[]},"unresolvedImports":["@Components/footer","@Components/navigation","styles"],"projectRootPath":"/home/tsotetsi/Projects/Code/Sandbox/crisp","kind":"discover"}
[11:57:53.129] Explicitly included types: []
[11:57:53.129] Typing names in '/home/tsotetsi/Projects/Code/Sandbox/crisp/package.json' dependencies: ["next","react","react-dom","styled-components","babel-plugin-styled-components"]
[11:57:53.130] Searching for typing names in /home/tsotetsi/Projects/Code/Sandbox/crisp/node_modules; all files: ["/home/tsotetsi/Projects/Code/Sandbox/crisp/node_modules/next/package.json","/home/tsotetsi/Projects/Code/Sandbox/crisp/node_modules/react/package.json","/home/tsotetsi/Projects/Code/Sandbox/crisp/node_modules/react-dom/package.json","/home/tsotetsi/Projects/Code/Sandbox/crisp/node_modules/styled-components/package.json","/home/tsotetsi/Projects/Code/Sandbox/crisp/node_modules/babel-plugin-styled-components/package.json"]
[11:57:53.132]     Package 'next' provides its own types.
[11:57:53.134]     Found package names: ["react","react-dom","styled-components","babel-plugin-styled-components"]
[11:57:53.134] Inferred typings from unresolved imports: ["@Components/footer","@Components/navigation","styles"]
[11:57:53.134] Result: {"cachedTypingPaths":["/home/tsotetsi/Projects/Code/Sandbox/crisp/node_modules/next/index.d.ts","/home/tsotetsi/.cache/typescript/4.6/node_modules/@types/react/index.d.ts","/home/tsotetsi/.cache/typescript/4.6/node_modules/@types/react-dom/index.d.ts","/home/tsotetsi/.cache/typescript/4.6/node_modules/@types/styled-components/index.d.ts"],"newTypingNames":["babel-plugin-styled-components","@Components/footer","@Components/navigation","styles"],"filesToWatch":["/home/tsotetsi/Projects/Code/Sandbox/crisp/bower_components","/home/tsotetsi/Projects/Code/Sandbox/crisp/package.json","/home/tsotetsi/Projects/Code/Sandbox/crisp/node_modules","/home/tsotetsi/Projects/Code/Sandbox/crisp/components/footer/bower_components","/home/tsotetsi/Projects/Code/Sandbox/crisp/components/footer/node_modules","/home/tsotetsi/Projects/Code/Sandbox/crisp/components/hero/bower_components","/home/tsotetsi/Projects/Code/Sandbox/crisp/components/hero/node_modules","/home/tsotetsi/Projects/Code/Sandbox/crisp/components/navigation/bower_components","/home/tsotetsi/Projects/Code/Sandbox/crisp/components/navigation/node_modules","/home/tsotetsi/Projects/Code/Sandbox/crisp/out/_next/static/chunks/bower_components","/home/tsotetsi/Projects/Code/Sandbox/crisp/out/_next/static/chunks/node_modules","/home/tsotetsi/Projects/Code/Sandbox/crisp/out/_next/static/chunks/pages/bower_components","/home/tsotetsi/Projects/Code/Sandbox/crisp/out/_next/static/chunks/pages/node_modules","/home/tsotetsi/Projects/Code/Sandbox/crisp/out/_next/static/kCMSjAhy4eQ1OWgcgAKjh/bower_components","/home/tsotetsi/Projects/Code/Sandbox/crisp/out/_next/static/kCMSjAhy4eQ1OWgcgAKjh/node_modules","/home/tsotetsi/Projects/Code/Sandbox/crisp/styles/bower_components","/home/tsotetsi/Projects/Code/Sandbox/crisp/styles/node_modules","/home/tsotetsi/Projects/Code/Sandbox/crisp/pages/bower_components","/home/tsotetsi/Projects/Code/Sandbox/crisp/pages/node_modules"]}
[11:57:53.135] Finished typings discovery: {"cachedTypingPaths":["/home/tsotetsi/Projects/Code/Sandbox/crisp/node_modules/next/index.d.ts","/home/tsotetsi/.cache/typescript/4.6/node_modules/@types/react/index.d.ts","/home/tsotetsi/.cache/typescript/4.6/node_modules/@types/react-dom/index.d.ts","/home/tsotetsi/.cache/typescript/4.6/node_modules/@types/styled-components/index.d.ts"],"newTypingNames":["babel-plugin-styled-components","@Components/footer","@Components/navigation","styles"],"filesToWatch":["/home/tsotetsi/Projects/Code/Sandbox/crisp/bower_components","/home/tsotetsi/Projects/Code/Sandbox/crisp/package.json","/home/tsotetsi/Projects/Code/Sandbox/crisp/node_modules","/home/tsotetsi/Projects/Code/Sandbox/crisp/components/footer/bower_components","/home/tsotetsi/Projects/Code/Sandbox/crisp/components/footer/node_modules","/home/tsotetsi/Projects/Code/Sandbox/crisp/components/hero/bower_components","/home/tsotetsi/Projects/Code/Sandbox/crisp/components/hero/node_modules","/home/tsotetsi/Projects/Code/Sandbox/crisp/components/navigation/bower_components","/home/tsotetsi/Projects/Code/Sandbox/crisp/components/navigation/node_modules","/home/tsotetsi/Projects/Code/Sandbox/crisp/out/_next/static/chunks/bower_components","/home/tsotetsi/Projects/Code/Sandbox/crisp/out/_next/static/chunks/node_modules","/home/tsotetsi/Projects/Code/Sandbox/crisp/out/_next/static/chunks/pages/bower_components","/home/tsotetsi/Projects/Code/Sandbox/crisp/out/_next/static/chunks/pages/node_modules","/home/tsotetsi/Projects/Code/Sandbox/crisp/out/_next/static/kCMSjAhy4eQ1OWgcgAKjh/bower_components","/home/tsotetsi/Projects/Code/Sandbox/crisp/out/_next/static/kCMSjAhy4eQ1OWgcgAKjh/node_modules","/home/tsotetsi/Projects/Code/Sandbox/crisp/styles/bower_components","/home/tsotetsi/Projects/Code/Sandbox/crisp/styles/node_modules","/home/tsotetsi/Projects/Code/Sandbox/crisp/pages/bower_components","/home/tsotetsi/Projects/Code/Sandbox/crisp/pages/node_modules"]}
[11:57:53.135] DirectoryWatcher:: Added:: WatchInfo: /home/tsotetsi/Projects/Code/Sandbox/crisp/bower_components
[11:57:53.135] DirectoryWatcher:: Added:: WatchInfo: /home/tsotetsi/Projects/Code/Sandbox/crisp/bower_components 1 undefined Project: /home/tsotetsi/Projects/Code/Sandbox/crisp/jsconfig.json watcher already invoked: false
[11:57:53.135] Elapsed:: 0.08976000035181642ms DirectoryWatcher:: Added:: WatchInfo: /home/tsotetsi/Projects/Code/Sandbox/crisp/bower_components 1 undefined Project: /home/tsotetsi/Projects/Code/Sandbox/crisp/jsconfig.json watcher already invoked: false
[11:57:53.135] FileWatcher:: Added:: WatchInfo: /home/tsotetsi/Projects/Code/Sandbox/crisp/package.json
[11:57:53.135] FileWatcher:: Added:: WatchInfo: /home/tsotetsi/Projects/Code/Sandbox/crisp/package.json 2000 undefined Project: /home/tsotetsi/Projects/Code/Sandbox/crisp/jsconfig.json watcher already invoked: false
[11:57:53.135] DirectoryWatcher:: Added:: WatchInfo: /home/tsotetsi/Projects/Code/Sandbox/crisp/node_modules
[11:57:53.135] DirectoryWatcher:: Added:: WatchInfo: /home/tsotetsi/Projects/Code/Sandbox/crisp/node_modules 1 undefined Project: /home/tsotetsi/Projects/Code/Sandbox/crisp/jsconfig.json watcher already invoked: false
[11:57:53.158] Elapsed:: 23.2188210003078ms DirectoryWatcher:: Added:: WatchInfo: /home/tsotetsi/Projects/Code/Sandbox/crisp/node_modules 1 undefined Project: /home/tsotetsi/Projects/Code/Sandbox/crisp/jsconfig.json watcher already invoked: false
[11:57:53.158] DirectoryWatcher:: Added:: WatchInfo: /home/tsotetsi/Projects/Code/Sandbox/crisp/components
[11:57:53.158] DirectoryWatcher:: Added:: WatchInfo: /home/tsotetsi/Projects/Code/Sandbox/crisp/components 1 undefined Project: /home/tsotetsi/Projects/Code/Sandbox/crisp/jsconfig.json watcher already invoked: false
[11:57:53.158] Elapsed:: 0.12407699972391129ms DirectoryWatcher:: Added:: WatchInfo: /home/tsotetsi/Projects/Code/Sandbox/crisp/components 1 undefined Project: /home/tsotetsi/Projects/Code/Sandbox/crisp/jsconfig.json watcher already invoked: false
[11:57:53.158] DirectoryWatcher:: Added:: WatchInfo: /home/tsotetsi/Projects/Code/Sandbox/crisp/out
[11:57:53.159] DirectoryWatcher:: Added:: WatchInfo: /home/tsotetsi/Projects/Code/Sandbox/crisp/out 1 undefined Project: /home/tsotetsi/Projects/Code/Sandbox/crisp/jsconfig.json watcher already invoked: false
[11:57:53.159] Elapsed:: 0.22975499974563718ms DirectoryWatcher:: Added:: WatchInfo: /home/tsotetsi/Projects/Code/Sandbox/crisp/out 1 undefined Project: /home/tsotetsi/Projects/Code/Sandbox/crisp/jsconfig.json watcher already invoked: false
[11:57:53.159] DirectoryWatcher:: Added:: WatchInfo: /home/tsotetsi/Projects/Code/Sandbox/crisp/styles
[11:57:53.159] DirectoryWatcher:: Added:: WatchInfo: /home/tsotetsi/Projects/Code/Sandbox/crisp/styles 1 undefined Project: /home/tsotetsi/Projects/Code/Sandbox/crisp/jsconfig.json watcher already invoked: false
[11:57:53.159] Elapsed:: 0.031081000342965126ms DirectoryWatcher:: Added:: WatchInfo: /home/tsotetsi/Projects/Code/Sandbox/crisp/styles 1 undefined Project: /home/tsotetsi/Projects/Code/Sandbox/crisp/jsconfig.json watcher already invoked: false
[11:57:53.159] DirectoryWatcher:: Added:: WatchInfo: /home/tsotetsi/Projects/Code/Sandbox/crisp/pages
[11:57:53.159] DirectoryWatcher:: Added:: WatchInfo: /home/tsotetsi/Projects/Code/Sandbox/crisp/pages 1 undefined Project: /home/tsotetsi/Projects/Code/Sandbox/crisp/jsconfig.json watcher already invoked: false
[11:57:53.159] Elapsed:: 0.03852899977937341ms DirectoryWatcher:: Added:: WatchInfo: /home/tsotetsi/Projects/Code/Sandbox/crisp/pages 1 undefined Project: /home/tsotetsi/Projects/Code/Sandbox/crisp/jsconfig.json watcher already invoked: false
[11:57:53.159] Installing typings ["babel-plugin-styled-components","@Components/footer","@Components/navigation","styles"]
[11:57:53.159] 'babel-plugin-styled-components':: Entry for package 'babel-plugin-styled-components' does not exist in local types registry - skipping...
[11:57:53.159] '@Components/footer':: Entry for package 'Components__footer' does not exist in local types registry - skipping...
[11:57:53.159] '@Components/navigation':: Entry for package 'Components__navigation' does not exist in local types registry - skipping...
[11:57:53.159] 'styles':: Entry for package 'styles' does not exist in local types registry - skipping...
[11:57:53.159] All typings are known to be missing or invalid - no need to install more typings
[11:57:53.159] Sending response:
    {"projectName":"/home/tsotetsi/Projects/Code/Sandbox/crisp/jsconfig.json","typeAcquisition":{"enable":true,"include":[],"exclude":[]},"compilerOptions":{"allowJs":true,"maxNodeModuleJsDepth":2,"allowSyntheticDefaultImports":true,"skipLibCheck":true,"noEmit":true,"configFilePath":"/home/tsotetsi/Projects/Code/Sandbox/crisp/jsconfig.json","allowNonTsExtensions":true},"typings":["/home/tsotetsi/Projects/Code/Sandbox/crisp/node_modules/next/index.d.ts","/home/tsotetsi/.cache/typescript/4.6/node_modules/@types/react/index.d.ts","/home/tsotetsi/.cache/typescript/4.6/node_modules/@types/react-dom/index.d.ts","/home/tsotetsi/.cache/typescript/4.6/node_modules/@types/styled-components/index.d.ts"],"unresolvedImports":["@Components/footer","@Components/navigation","styles"],"kind":"action::set"}
[11:57:53.159] Response has been sent.
[11:57:53.549] Got install request {"projectName":"/home/tsotetsi/Projects/Code/Sandbox/crisp/jsconfig.json","fileNames":["/usr/lib/node_modules/typescript/lib/lib.d.ts","/usr/lib/node_modules/typescript/lib/lib.es5.d.ts","/usr/lib/node_modules/typescript/lib/lib.dom.d.ts","/usr/lib/node_modules/typescript/lib/lib.webworker.importscripts.d.ts","/usr/lib/node_modules/typescript/lib/lib.scripthost.d.ts","/home/tsotetsi/Projects/Code/Sandbox/crisp/next.config.js","/home/tsotetsi/.cache/typescript/4.6/node_modules/@types/react/global.d.ts","/home/tsotetsi/.cache/typescript/4.6/node_modules/@types/react/index.d.ts","/home/tsotetsi/.cache/typescript/4.6/node_modules/@types/styled-components/index.d.ts","/home/tsotetsi/Projects/Code/Sandbox/crisp/components/footer/Footer.js","/home/tsotetsi/Projects/Code/Sandbox/crisp/components/hero/Hero.js","/home/tsotetsi/Projects/Code/Sandbox/crisp/node_modules/next/link.d.ts","/home/tsotetsi/Projects/Code/Sandbox/crisp/components/navigation/Navigation.js","/home/tsotetsi/Projects/Code/Sandbox/crisp/out/_next/static/chunks/664-c4badf615f7413a4.js","/home/tsotetsi/Projects/Code/Sandbox/crisp/out/_next/static/chunks/framework-7dc8a65f4a0cda33.js","/home/tsotetsi/Projects/Code/Sandbox/crisp/out/_next/static/chunks/main-d68b15022ccbb959.js","/home/tsotetsi/Projects/Code/Sandbox/crisp/out/_next/static/chunks/polyfills-0d1b80a048d4787e.js","/home/tsotetsi/Projects/Code/Sandbox/crisp/out/_next/static/chunks/webpack-160012440f7532b7.js","/home/tsotetsi/Projects/Code/Sandbox/crisp/out/_next/static/chunks/pages/_app-9538641435026bd3.js","/home/tsotetsi/Projects/Code/Sandbox/crisp/out/_next/static/chunks/pages/_error-942918685354aae9.js","/home/tsotetsi/Projects/Code/Sandbox/crisp/out/_next/static/chunks/pages/about-3c8195572d3d33db.js","/home/tsotetsi/Projects/Code/Sandbox/crisp/out/_next/static/chunks/pages/index-0da8339e4c66b8e9.js","/home/tsotetsi/Projects/Code/Sandbox/crisp/out/_next/static/kCMSjAhy4eQ1OWgcgAKjh/_buildManifest.js","/home/tsotetsi/Projects/Code/Sandbox/crisp/out/_next/static/kCMSjAhy4eQ1OWgcgAKjh/_ssgManifest.js","/home/tsotetsi/Projects/Code/Sandbox/crisp/styles/Theme.js","/home/tsotetsi/Projects/Code/Sandbox/crisp/pages/_app.js","/home/tsotetsi/Projects/Code/Sandbox/crisp/node_modules/next/document.d.ts","/home/tsotetsi/Projects/Code/Sandbox/crisp/pages/_document.js","/home/tsotetsi/Projects/Code/Sandbox/crisp/pages/about.js","/home/tsotetsi/Projects/Code/Sandbox/crisp/pages/index.js","/home/tsotetsi/Projects/Code/Sandbox/crisp/styles/Global.js","/home/tsotetsi/.cache/typescript/4.6/node_modules/@types/react-dom/index.d.ts","/home/tsotetsi/Projects/Code/Sandbox/crisp/node_modules/next/amp.d.ts","/home/tsotetsi/Projects/Code/Sandbox/crisp/node_modules/next/app.d.ts","/home/tsotetsi/Projects/Code/Sandbox/crisp/node_modules/next/config.d.ts","/home/tsotetsi/Projects/Code/Sandbox/crisp/node_modules/next/dynamic.d.ts","/home/tsotetsi/Projects/Code/Sandbox/crisp/node_modules/next/error.d.ts","/home/tsotetsi/Projects/Code/Sandbox/crisp/node_modules/next/head.d.ts","/home/tsotetsi/Projects/Code/Sandbox/crisp/node_modules/next/image.d.ts","/home/tsotetsi/Projects/Code/Sandbox/crisp/node_modules/next/router.d.ts","/home/tsotetsi/Projects/Code/Sandbox/crisp/node_modules/next/script.d.ts","/home/tsotetsi/Projects/Code/Sandbox/crisp/node_modules/next/server.d.ts","/home/tsotetsi/Projects/Code/Sandbox/crisp/node_modules/next/index.d.ts"],"compilerOptions":{"allowJs":true,"maxNodeModuleJsDepth":2,"allowSyntheticDefaultImports":true,"skipLibCheck":true,"noEmit":true,"configFilePath":"/home/tsotetsi/Projects/Code/Sandbox/crisp/jsconfig.json","allowNonTsExtensions":true},"typeAcquisition":{"enable":true,"include":[],"exclude":[]},"unresolvedImports":["@Components/footer","@Components/navigation","styles"],"projectRootPath":"/home/tsotetsi/Projects/Code/Sandbox/crisp","kind":"discover"}
[11:57:53.549] Explicitly included types: []
[11:57:53.550] Typing names in '/home/tsotetsi/Projects/Code/Sandbox/crisp/package.json' dependencies: ["next","react","react-dom","styled-components","babel-plugin-styled-components"]
[11:57:53.550] Searching for typing names in /home/tsotetsi/Projects/Code/Sandbox/crisp/node_modules; all files: ["/home/tsotetsi/Projects/Code/Sandbox/crisp/node_modules/next/package.json","/home/tsotetsi/Projects/Code/Sandbox/crisp/node_modules/react/package.json","/home/tsotetsi/Projects/Code/Sandbox/crisp/node_modules/react-dom/package.json","/home/tsotetsi/Projects/Code/Sandbox/crisp/node_modules/styled-components/package.json","/home/tsotetsi/Projects/Code/Sandbox/crisp/node_modules/babel-plugin-styled-components/package.json"]
[11:57:53.556]     Package 'next' provides its own types.
[11:57:53.561]     Found package names: ["react","react-dom","styled-components","babel-plugin-styled-components"]
[11:57:53.562] Inferred typings from unresolved imports: ["@Components/footer","@Components/navigation","styles"]
[11:57:53.562] Result: {"cachedTypingPaths":["/home/tsotetsi/Projects/Code/Sandbox/crisp/node_modules/next/index.d.ts","/home/tsotetsi/.cache/typescript/4.6/node_modules/@types/react/index.d.ts","/home/tsotetsi/.cache/typescript/4.6/node_modules/@types/react-dom/index.d.ts","/home/tsotetsi/.cache/typescript/4.6/node_modules/@types/styled-components/index.d.ts"],"newTypingNames":["babel-plugin-styled-components","@Components/footer","@Components/navigation","styles"],"filesToWatch":["/home/tsotetsi/Projects/Code/Sandbox/crisp/bower_components","/home/tsotetsi/Projects/Code/Sandbox/crisp/package.json","/home/tsotetsi/Projects/Code/Sandbox/crisp/node_modules","/home/tsotetsi/Projects/Code/Sandbox/crisp/components/footer/bower_components","/home/tsotetsi/Projects/Code/Sandbox/crisp/components/footer/node_modules","/home/tsotetsi/Projects/Code/Sandbox/crisp/components/hero/bower_components","/home/tsotetsi/Projects/Code/Sandbox/crisp/components/hero/node_modules","/home/tsotetsi/Projects/Code/Sandbox/crisp/components/navigation/bower_components","/home/tsotetsi/Projects/Code/Sandbox/crisp/components/navigation/node_modules","/home/tsotetsi/Projects/Code/Sandbox/crisp/out/_next/static/chunks/bower_components","/home/tsotetsi/Projects/Code/Sandbox/crisp/out/_next/static/chunks/node_modules","/home/tsotetsi/Projects/Code/Sandbox/crisp/out/_next/static/chunks/pages/bower_components","/home/tsotetsi/Projects/Code/Sandbox/crisp/out/_next/static/chunks/pages/node_modules","/home/tsotetsi/Projects/Code/Sandbox/crisp/out/_next/static/kCMSjAhy4eQ1OWgcgAKjh/bower_components","/home/tsotetsi/Projects/Code/Sandbox/crisp/out/_next/static/kCMSjAhy4eQ1OWgcgAKjh/node_modules","/home/tsotetsi/Projects/Code/Sandbox/crisp/styles/bower_components","/home/tsotetsi/Projects/Code/Sandbox/crisp/styles/node_modules","/home/tsotetsi/Projects/Code/Sandbox/crisp/pages/bower_components","/home/tsotetsi/Projects/Code/Sandbox/crisp/pages/node_modules"]}
[11:57:53.562] Finished typings discovery: {"cachedTypingPaths":["/home/tsotetsi/Projects/Code/Sandbox/crisp/node_modules/next/index.d.ts","/home/tsotetsi/.cache/typescript/4.6/node_modules/@types/react/index.d.ts","/home/tsotetsi/.cache/typescript/4.6/node_modules/@types/react-dom/index.d.ts","/home/tsotetsi/.cache/typescript/4.6/node_modules/@types/styled-components/index.d.ts"],"newTypingNames":["babel-plugin-styled-components","@Components/footer","@Components/navigation","styles"],"filesToWatch":["/home/tsotetsi/Projects/Code/Sandbox/crisp/bower_components","/home/tsotetsi/Projects/Code/Sandbox/crisp/package.json","/home/tsotetsi/Projects/Code/Sandbox/crisp/node_modules","/home/tsotetsi/Projects/Code/Sandbox/crisp/components/footer/bower_components","/home/tsotetsi/Projects/Code/Sandbox/crisp/components/footer/node_modules","/home/tsotetsi/Projects/Code/Sandbox/crisp/components/hero/bower_components","/home/tsotetsi/Projects/Code/Sandbox/crisp/components/hero/node_modules","/home/tsotetsi/Projects/Code/Sandbox/crisp/components/navigation/bower_components","/home/tsotetsi/Projects/Code/Sandbox/crisp/components/navigation/node_modules","/home/tsotetsi/Projects/Code/Sandbox/crisp/out/_next/static/chunks/bower_components","/home/tsotetsi/Projects/Code/Sandbox/crisp/out/_next/static/chunks/node_modules","/home/tsotetsi/Projects/Code/Sandbox/crisp/out/_next/static/chunks/pages/bower_components","/home/tsotetsi/Projects/Code/Sandbox/crisp/out/_next/static/chunks/pages/node_modules","/home/tsotetsi/Projects/Code/Sandbox/crisp/out/_next/static/kCMSjAhy4eQ1OWgcgAKjh/bower_components","/home/tsotetsi/Projects/Code/Sandbox/crisp/out/_next/static/kCMSjAhy4eQ1OWgcgAKjh/node_modules","/home/tsotetsi/Projects/Code/Sandbox/crisp/styles/bower_components","/home/tsotetsi/Projects/Code/Sandbox/crisp/styles/node_modules","/home/tsotetsi/Projects/Code/Sandbox/crisp/pages/bower_components","/home/tsotetsi/Projects/Code/Sandbox/crisp/pages/node_modules"]}
[11:57:53.563] Installing typings ["babel-plugin-styled-components","@Components/footer","@Components/navigation","styles"]
[11:57:53.563] 'babel-plugin-styled-components':: Entry for package 'babel-plugin-styled-components' does not exist in local types registry - skipping...
[11:57:53.563] '@Components/footer':: Entry for package 'Components__footer' does not exist in local types registry - skipping...
[11:57:53.563] '@Components/navigation':: Entry for package 'Components__navigation' does not exist in local types registry - skipping...
[11:57:53.563] 'styles':: Entry for package 'styles' does not exist in local types registry - skipping...
[11:57:53.563] All typings are known to be missing or invalid - no need to install more typings
[11:57:53.563] Sending response:
    {"projectName":"/home/tsotetsi/Projects/Code/Sandbox/crisp/jsconfig.json","typeAcquisition":{"enable":true,"include":[],"exclude":[]},"compilerOptions":{"allowJs":true,"maxNodeModuleJsDepth":2,"allowSyntheticDefaultImports":true,"skipLibCheck":true,"noEmit":true,"configFilePath":"/home/tsotetsi/Projects/Code/Sandbox/crisp/jsconfig.json","allowNonTsExtensions":true},"typings":["/home/tsotetsi/Projects/Code/Sandbox/crisp/node_modules/next/index.d.ts","/home/tsotetsi/.cache/typescript/4.6/node_modules/@types/react/index.d.ts","/home/tsotetsi/.cache/typescript/4.6/node_modules/@types/react-dom/index.d.ts","/home/tsotetsi/.cache/typescript/4.6/node_modules/@types/styled-components/index.d.ts"],"unresolvedImports":["@Components/footer","@Components/navigation","styles"],"kind":"action::set"}
[11:57:53.564] Response has been sent.
[11:57:55.766] Got install request {"projectName":"/dev/null/inferredProject1*","fileNames":[],"compilerOptions":{"module":1,"target":3,"jsx":1,"allowJs":true,"allowSyntheticDefaultImports":true,"allowNonTsExtensions":true,"noEmitForJsFiles":true},"typeAcquisition":{"enable":true,"include":[],"exclude":[]},"unresolvedImports":[],"projectRootPath":"/home/tsotetsi/Projects/Code/Sandbox/crisp/pages","kind":"discover"}
[11:57:55.766] Explicitly included types: []
[11:57:55.766] Inferred typings from unresolved imports: []
[11:57:55.767] Result: {"cachedTypingPaths":[],"newTypingNames":[],"filesToWatch":["/home/tsotetsi/Projects/Code/Sandbox/crisp/pages/bower_components","/home/tsotetsi/Projects/Code/Sandbox/crisp/pages/node_modules"]}
[11:57:55.767] Finished typings discovery: {"cachedTypingPaths":[],"newTypingNames":[],"filesToWatch":["/home/tsotetsi/Projects/Code/Sandbox/crisp/pages/bower_components","/home/tsotetsi/Projects/Code/Sandbox/crisp/pages/node_modules"]}
[11:57:55.767] DirectoryWatcher:: Closed:: WatchInfo: /home/tsotetsi/Projects/Code/Sandbox/crisp/styles/bower_components
[11:57:55.767] DirectoryWatcher:: Close:: WatchInfo: /home/tsotetsi/Projects/Code/Sandbox/crisp/styles/bower_components 1 undefined Project: /dev/null/inferredProject1* watcher already invoked: false
[11:57:55.769] Elapsed:: 1.5168360001407564ms DirectoryWatcher:: Close:: WatchInfo: /home/tsotetsi/Projects/Code/Sandbox/crisp/styles/bower_components 1 undefined Project: /dev/null/inferredProject1* watcher already invoked: false
[11:57:55.769] DirectoryWatcher:: Closed:: WatchInfo: /home/tsotetsi/Projects/Code/Sandbox/crisp/styles/node_modules
[11:57:55.769] DirectoryWatcher:: Close:: WatchInfo: /home/tsotetsi/Projects/Code/Sandbox/crisp/styles/node_modules 1 undefined Project: /dev/null/inferredProject1* watcher already invoked: false
[11:57:55.769] Elapsed:: 0.13213500007987022ms DirectoryWatcher:: Close:: WatchInfo: /home/tsotetsi/Projects/Code/Sandbox/crisp/styles/node_modules 1 undefined Project: /dev/null/inferredProject1* watcher already invoked: false
[11:57:55.769] Sending response:
    {"projectName":"/dev/null/inferredProject1*","typeAcquisition":{"enable":true,"include":[],"exclude":[]},"compilerOptions":{"module":1,"target":3,"jsx":1,"allowJs":true,"allowSyntheticDefaultImports":true,"allowNonTsExtensions":true,"noEmitForJsFiles":true},"typings":[],"unresolvedImports":[],"kind":"action::set"}
[11:57:55.770] Response has been sent.
[11:57:55.770] No new typings were requested as a result of typings discovery
