Info 0    [19:44:12.239] Starting TS Server
Info 1    [19:44:12.239] Version: 4.6.4
Info 2    [19:44:12.239] Arguments: /usr/bin/node /usr/lib/node_modules/typescript/lib/tsserver.js --logFile /home/tsotetsi/Projects/Code/Sandbox/crisp/.log/tsserver.log --logVerbosity info --cancellationPipeName /tmp/5c77eb6dcc5e315973ab0019a2a3991c/tscancellation*
Info 3    [19:44:12.239] Platform: linux NodeVersion: 18 CaseSensitive: true
Info 4    [19:44:12.239] ServerMode: undefined syntaxOnly: false hasUnknownServerMode: undefined
Info 5    [19:44:12.249] Format host information updated
Info 6    [19:44:12.256] Search path: /home/tsotetsi/Projects/Code/Sandbox/crisp/pages
Info 7    [19:44:12.257] For info: /home/tsotetsi/Projects/Code/Sandbox/crisp/pages/index.js :: Config file name: /home/tsotetsi/Projects/Code/Sandbox/crisp/jsconfig.json
Info 8    [19:44:12.257] Creating configuration project /home/tsotetsi/Projects/Code/Sandbox/crisp/jsconfig.json
Info 9    [19:44:12.279] Config: /home/tsotetsi/Projects/Code/Sandbox/crisp/jsconfig.json : {
 "rootNames": [
  "/home/tsotetsi/Projects/Code/Sandbox/crisp/env-config.js",
  "/home/tsotetsi/Projects/Code/Sandbox/crisp/next.config.js",
  "/home/tsotetsi/Projects/Code/Sandbox/crisp/components/footer/Footer.js",
  "/home/tsotetsi/Projects/Code/Sandbox/crisp/components/hero/Hero.js",
  "/home/tsotetsi/Projects/Code/Sandbox/crisp/components/navigation/Navigation.js",
  "/home/tsotetsi/Projects/Code/Sandbox/crisp/out/_next/static/chunks/651.412a32fde78b36e0.js",
  "/home/tsotetsi/Projects/Code/Sandbox/crisp/out/_next/static/chunks/framework-4556c45dd113b893.js",
  "/home/tsotetsi/Projects/Code/Sandbox/crisp/out/_next/static/chunks/main-2be2954fb6255486.js",
  "/home/tsotetsi/Projects/Code/Sandbox/crisp/out/_next/static/chunks/polyfills-0d1b80a048d4787e.js",
  "/home/tsotetsi/Projects/Code/Sandbox/crisp/out/_next/static/chunks/webpack-d40c70b228d8185e.js",
  "/home/tsotetsi/Projects/Code/Sandbox/crisp/out/_next/static/chunks/pages/_app-a1ae1ae7f2eef4c0.js",
  "/home/tsotetsi/Projects/Code/Sandbox/crisp/out/_next/static/chunks/pages/_error-b53b8f599aff85eb.js",
  "/home/tsotetsi/Projects/Code/Sandbox/crisp/out/_next/static/chunks/pages/about-d8157da9d171fb0b.js",
  "/home/tsotetsi/Projects/Code/Sandbox/crisp/out/_next/static/chunks/pages/index-d3a763be09b2bec7.js",
  "/home/tsotetsi/Projects/Code/Sandbox/crisp/out/_next/static/wgQRW55vI2N-eP4pyz7Kc/_buildManifest.js",
  "/home/tsotetsi/Projects/Code/Sandbox/crisp/out/_next/static/wgQRW55vI2N-eP4pyz7Kc/_ssgManifest.js",
  "/home/tsotetsi/Projects/Code/Sandbox/crisp/pages/_app.js",
  "/home/tsotetsi/Projects/Code/Sandbox/crisp/pages/_document.js",
  "/home/tsotetsi/Projects/Code/Sandbox/crisp/pages/about.js",
  "/home/tsotetsi/Projects/Code/Sandbox/crisp/pages/index.js",
  "/home/tsotetsi/Projects/Code/Sandbox/crisp/styles/Global.js",
  "/home/tsotetsi/Projects/Code/Sandbox/crisp/styles/Theme.js"
 ],
 "options": {
  "allowJs": true,
  "maxNodeModuleJsDepth": 2,
  "allowSyntheticDefaultImports": true,
  "skipLibCheck": true,
  "noEmit": true,
  "baseUrl": "/home/tsotetsi/Projects/Code/Sandbox/crisp",
  "paths": {
   "@Components/*": [
    "./components/*"
   ],
   "Recipes/*": [
    "./pages/noodles/recipes/*"
   ],
   "Styles/*": [
    "./Styles/*"
   ]
  },
  "pathsBasePath": "/home/tsotetsi/Projects/Code/Sandbox/crisp",
  "configFilePath": "/home/tsotetsi/Projects/Code/Sandbox/crisp/jsconfig.json"
 }
}
Info 10   [19:44:12.310] Starting updateGraphWorker: Project: /home/tsotetsi/Projects/Code/Sandbox/crisp/jsconfig.json
Info 11   [19:44:13.641] Finishing updateGraphWorker: Project: /home/tsotetsi/Projects/Code/Sandbox/crisp/jsconfig.json Version: 1 structureChanged: true structureIsReused:: Not Elapsed: 1331.1974270008504ms
Info 12   [19:44:13.641] Project '/home/tsotetsi/Projects/Code/Sandbox/crisp/jsconfig.json' (Configured)
Info 13   [19:44:13.641] 	Files (176)

Info 14   [19:44:13.641] -----------------------------------------------
Info 15   [19:44:13.647] AutoImportProviderProject: found 4 root files in 4 dependencies in 3.4845569990575314 ms
Info 16   [19:44:13.648] Starting updateGraphWorker: Project: /dev/null/autoImportProviderProject1*
Info 17   [19:44:14.012] Finishing updateGraphWorker: Project: /dev/null/autoImportProviderProject1* Version: 1 structureChanged: true structureIsReused:: Not Elapsed: 364.2022500000894ms
Info 18   [19:44:14.012] Project '/dev/null/autoImportProviderProject1*' (AutoImportProvider)
Info 19   [19:44:14.012] 	Files (93)

Info 20   [19:44:14.012] -----------------------------------------------
Info 21   [19:44:14.413] Starting updateGraphWorker: Project: /home/tsotetsi/Projects/Code/Sandbox/crisp/jsconfig.json
Info 22   [19:44:14.459] Finishing updateGraphWorker: Project: /home/tsotetsi/Projects/Code/Sandbox/crisp/jsconfig.json Version: 2 structureChanged: true structureIsReused:: Not Elapsed: 46.22883599996567ms
Info 23   [19:44:14.459] Project '/home/tsotetsi/Projects/Code/Sandbox/crisp/jsconfig.json' (Configured)
Info 24   [19:44:14.459] 	Files (198)

Info 25   [19:44:14.459] -----------------------------------------------
Info 26   [19:44:14.459] Project '/dev/null/autoImportProviderProject1*' (AutoImportProvider)
Info 27   [19:44:14.459] 	Files (93)

Info 28   [19:44:14.459] -----------------------------------------------
Info 29   [19:44:15.049] DirectoryWatcher:: Triggered with /home/tsotetsi/Projects/Code/Sandbox/crisp/.log/ti-264544.log 0:: WatchInfo: /home/tsotetsi/Projects/Code/Sandbox/crisp 1 undefined Config: /home/tsotetsi/Projects/Code/Sandbox/crisp/jsconfig.json WatchType: Wild card directory
Info 30   [19:44:15.050] Project: /home/tsotetsi/Projects/Code/Sandbox/crisp/jsconfig.json Detected file add/remove of non supported extension: /home/tsotetsi/Projects/Code/Sandbox/crisp/.log/ti-264544.log
Info 31   [19:44:15.050] Elapsed:: 0.9512600004673004ms DirectoryWatcher:: Triggered with /home/tsotetsi/Projects/Code/Sandbox/crisp/.log/ti-264544.log 0:: WatchInfo: /home/tsotetsi/Projects/Code/Sandbox/crisp 1 undefined Config: /home/tsotetsi/Projects/Code/Sandbox/crisp/jsconfig.json WatchType: Wild card directory
Info 32   [19:44:16.663] Before ensureProjectForOpenFiles:
Info 33   [19:44:16.663] After ensureProjectForOpenFiles:
Info 34   [19:44:16.663] got projects updated in background, updating diagnostics for /home/tsotetsi/Projects/Code/Sandbox/crisp/pages/index.js
Info 35   [19:44:20.120] Starting updateGraphWorker: Project: /home/tsotetsi/Projects/Code/Sandbox/crisp/jsconfig.json
Info 36   [19:44:20.132] Finishing updateGraphWorker: Project: /home/tsotetsi/Projects/Code/Sandbox/crisp/jsconfig.json Version: 3 structureChanged: false structureIsReused:: Completely Elapsed: 11.2755619995296ms
Info 37   [19:44:20.132] Different program with same set of files
Info 38   [19:44:22.277] Starting updateGraphWorker: Project: /home/tsotetsi/Projects/Code/Sandbox/crisp/jsconfig.json
Info 39   [19:44:22.284] Finishing updateGraphWorker: Project: /home/tsotetsi/Projects/Code/Sandbox/crisp/jsconfig.json Version: 4 structureChanged: false structureIsReused:: Completely Elapsed: 6.994880000129342ms
Info 40   [19:44:22.284] Different program with same set of files
Info 41   [19:44:22.320] Starting updateGraphWorker: Project: /home/tsotetsi/Projects/Code/Sandbox/crisp/jsconfig.json
Info 42   [19:44:22.327] Finishing updateGraphWorker: Project: /home/tsotetsi/Projects/Code/Sandbox/crisp/jsconfig.json Version: 5 structureChanged: false structureIsReused:: Completely Elapsed: 6.280438000336289ms
Info 43   [19:44:22.327] Different program with same set of files
Info 44   [19:44:22.986] Starting updateGraphWorker: Project: /home/tsotetsi/Projects/Code/Sandbox/crisp/jsconfig.json
Info 45   [19:44:22.999] Finishing updateGraphWorker: Project: /home/tsotetsi/Projects/Code/Sandbox/crisp/jsconfig.json Version: 6 structureChanged: false structureIsReused:: Completely Elapsed: 12.860581001266837ms
Info 46   [19:44:22.999] Different program with same set of files
Info 47   [19:44:23.683] Starting updateGraphWorker: Project: /home/tsotetsi/Projects/Code/Sandbox/crisp/jsconfig.json
Info 48   [19:44:23.693] Finishing updateGraphWorker: Project: /home/tsotetsi/Projects/Code/Sandbox/crisp/jsconfig.json Version: 7 structureChanged: false structureIsReused:: Completely Elapsed: 10.317847998812795ms
Info 49   [19:44:23.693] Different program with same set of files
Info 50   [19:44:24.048] Starting updateGraphWorker: Project: /home/tsotetsi/Projects/Code/Sandbox/crisp/jsconfig.json
Info 51   [19:44:24.055] Finishing updateGraphWorker: Project: /home/tsotetsi/Projects/Code/Sandbox/crisp/jsconfig.json Version: 8 structureChanged: false structureIsReused:: Completely Elapsed: 6.726717999204993ms
Info 52   [19:44:24.055] Different program with same set of files
Info 53   [19:44:24.056] getCompletionData: Get current token: 0.027922000735998154
Info 54   [19:44:24.056] getCompletionData: Is inside comment: 0.00603099912405014
Info 55   [19:44:24.056] getCompletionData: Get previous token: 0.05916600115597248
Info 56   [19:44:24.057] getCompletionsAtPosition: isCompletionListBlocker: 0.22022599913179874
Info 57   [19:44:24.057] Returning an empty list because completion was requested in an invalid position.
Info 58   [19:44:24.089] getCompletionData: Get current token: 0.02611199952661991
Info 59   [19:44:24.089] getCompletionData: Is inside comment: 0.003759000450372696
Info 60   [19:44:24.089] getCompletionData: Get previous token: 0.03517100028693676
Info 61   [19:44:24.089] getCompletionsAtPosition: isCompletionListBlocker: 0.12684499844908714
Info 62   [19:44:24.089] Returning an empty list because completion was requested in an invalid position.
Info 63   [19:44:24.090] getCompletionData: Get current token: 0.016480999067425728
Info 64   [19:44:24.090] getCompletionData: Is inside comment: 0.0021180007606744766
Info 65   [19:44:24.090] getCompletionData: Get previous token: 0.027990000322461128
Info 66   [19:44:24.090] getCompletionsAtPosition: isCompletionListBlocker: 0.0061759985983371735
Info 67   [19:44:24.090] Returning an empty list because completion was requested in an invalid position.
Info 68   [19:44:24.090] getCompletionData: Get current token: 0.016574999317526817
Info 69   [19:44:24.090] getCompletionData: Is inside comment: 0.0019039995968341827
Info 70   [19:44:24.090] getCompletionData: Get previous token: 0.024919001385569572
Info 71   [19:44:24.090] getCompletionsAtPosition: isCompletionListBlocker: 0.004246000200510025
Info 72   [19:44:24.090] Returning an empty list because completion was requested in an invalid position.
Info 73   [19:44:24.090] Starting updateGraphWorker: Project: /home/tsotetsi/Projects/Code/Sandbox/crisp/jsconfig.json
Info 74   [19:44:24.096] Finishing updateGraphWorker: Project: /home/tsotetsi/Projects/Code/Sandbox/crisp/jsconfig.json Version: 9 structureChanged: false structureIsReused:: Completely Elapsed: 5.633393000811338ms
Info 75   [19:44:24.097] Different program with same set of files
Info 76   [19:44:24.392] Starting updateGraphWorker: Project: /home/tsotetsi/Projects/Code/Sandbox/crisp/jsconfig.json
Info 77   [19:44:24.402] Finishing updateGraphWorker: Project: /home/tsotetsi/Projects/Code/Sandbox/crisp/jsconfig.json Version: 10 structureChanged: false structureIsReused:: Completely Elapsed: 9.669221000745893ms
Info 78   [19:44:24.402] Different program with same set of files
Info 79   [19:44:24.403] getCompletionData: Get current token: 0.05083099938929081
Info 80   [19:44:24.403] getCompletionData: Is inside comment: 0.013108998537063599
Info 81   [19:44:24.403] getCompletionData: Get previous token: 0.0995040014386177
Info 82   [19:44:24.403] getCompletionsAtPosition: isCompletionListBlocker: 0.025642000138759613
Info 83   [19:44:24.403] Returning an empty list because completion was requested in an invalid position.
Info 84   [19:44:24.435] getCompletionData: Get current token: 0.014805998653173447
Info 85   [19:44:24.435] getCompletionData: Is inside comment: 0.002707000821828842
Info 86   [19:44:24.435] getCompletionData: Get previous token: 0.027406999841332436
Info 87   [19:44:24.435] getCompletionsAtPosition: isCompletionListBlocker: 0.011610999703407288
Info 88   [19:44:24.435] Returning an empty list because completion was requested in an invalid position.
Info 89   [19:44:24.437] getCompletionData: Get current token: 0.013790000230073929
Info 90   [19:44:24.437] getCompletionData: Is inside comment: 0.0024309996515512466
Info 91   [19:44:24.437] getCompletionData: Get previous token: 0.03219900093972683
Info 92   [19:44:24.437] getCompletionsAtPosition: isCompletionListBlocker: 0.010484999045729637
Info 93   [19:44:24.437] Returning an empty list because completion was requested in an invalid position.
Info 94   [19:44:24.438] getCompletionData: Get current token: 0.012050000950694084
Info 95   [19:44:24.438] getCompletionData: Is inside comment: 0.002373998984694481
Info 96   [19:44:24.438] getCompletionData: Get previous token: 0.019145000725984573
Info 97   [19:44:24.438] getCompletionsAtPosition: isCompletionListBlocker: 0.007635999470949173
Info 98   [19:44:24.438] Returning an empty list because completion was requested in an invalid position.
Info 99   [19:44:25.334] Starting updateGraphWorker: Project: /home/tsotetsi/Projects/Code/Sandbox/crisp/jsconfig.json
Info 100  [19:44:25.341] Finishing updateGraphWorker: Project: /home/tsotetsi/Projects/Code/Sandbox/crisp/jsconfig.json Version: 11 structureChanged: false structureIsReused:: Completely Elapsed: 7.400502000004053ms
Info 101  [19:44:25.342] Different program with same set of files
Info 102  [19:44:26.385] Starting updateGraphWorker: Project: /home/tsotetsi/Projects/Code/Sandbox/crisp/jsconfig.json
Info 103  [19:44:26.396] Finishing updateGraphWorker: Project: /home/tsotetsi/Projects/Code/Sandbox/crisp/jsconfig.json Version: 12 structureChanged: false structureIsReused:: Completely Elapsed: 10.820261999964714ms
Info 104  [19:44:26.396] Different program with same set of files
Info 105  [19:44:27.325] Starting updateGraphWorker: Project: /home/tsotetsi/Projects/Code/Sandbox/crisp/jsconfig.json
Info 106  [19:44:27.333] Finishing updateGraphWorker: Project: /home/tsotetsi/Projects/Code/Sandbox/crisp/jsconfig.json Version: 13 structureChanged: false structureIsReused:: Completely Elapsed: 7.031089998781681ms
Info 107  [19:44:27.333] Different program with same set of files
Info 108  [19:44:27.333] getCompletionData: Get current token: 0.014214001595973969
Info 109  [19:44:27.333] getCompletionData: Is inside comment: 0.0030879992991685867
Info 110  [19:44:27.333] getCompletionData: Get previous token: 0.02888599969446659
Info 111  [19:44:27.333] getCompletionsAtPosition: isCompletionListBlocker: 0.0236550010740757
Info 112  [19:44:27.333] Returning an empty list because completion was requested in an invalid position.
Info 113  [19:44:27.364] getCompletionData: Get current token: 0.012633999809622765
Info 114  [19:44:27.364] getCompletionData: Is inside comment: 0.002507999539375305
Info 115  [19:44:27.364] getCompletionData: Get previous token: 0.02188199944794178
Info 116  [19:44:27.364] getCompletionsAtPosition: isCompletionListBlocker: 0.00932300090789795
Info 117  [19:44:27.364] Returning an empty list because completion was requested in an invalid position.
Info 118  [19:44:27.365] getCompletionData: Get current token: 0.011764001101255417
Info 119  [19:44:27.365] getCompletionData: Is inside comment: 0.004909999668598175
Info 120  [19:44:27.365] getCompletionData: Get previous token: 0.019836999475955963
Info 121  [19:44:27.365] getCompletionsAtPosition: isCompletionListBlocker: 0.008014000952243805
Info 122  [19:44:27.365] Returning an empty list because completion was requested in an invalid position.
Info 123  [19:44:27.367] getCompletionData: Get current token: 0.012346001341938972
Info 124  [19:44:27.367] getCompletionData: Is inside comment: 0.0019310005009174347
Info 125  [19:44:27.367] getCompletionData: Get previous token: 0.01979999989271164
Info 126  [19:44:27.367] getCompletionsAtPosition: isCompletionListBlocker: 0.006084000691771507
Info 127  [19:44:27.367] Returning an empty list because completion was requested in an invalid position.
Info 128  [19:44:27.608] Starting updateGraphWorker: Project: /home/tsotetsi/Projects/Code/Sandbox/crisp/jsconfig.json
Info 129  [19:44:27.622] Finishing updateGraphWorker: Project: /home/tsotetsi/Projects/Code/Sandbox/crisp/jsconfig.json Version: 14 structureChanged: false structureIsReused:: Completely Elapsed: 13.14291699975729ms
Info 130  [19:44:27.622] Different program with same set of files
Info 131  [19:44:27.623] getCompletionData: Get current token: 0.04320099949836731
Info 132  [19:44:27.623] getCompletionData: Is inside comment: 0.0053630005568265915
Info 133  [19:44:27.623] getCompletionData: Get previous token: 0.08609099872410297
Info 134  [19:44:27.623] getCompletionsAtPosition: isCompletionListBlocker: 0.02336200140416622
Info 135  [19:44:27.623] Returning an empty list because completion was requested in an invalid position.
Info 136  [19:44:27.662] getCompletionData: Get current token: 0.011570001021027565
Info 137  [19:44:27.662] getCompletionData: Is inside comment: 0.0022640004754066467
Info 138  [19:44:27.662] getCompletionData: Get previous token: 0.021023999899625778
Info 139  [19:44:27.663] getCompletionsAtPosition: isCompletionListBlocker: 0.010629000142216682
Info 140  [19:44:27.663] Returning an empty list because completion was requested in an invalid position.
Info 141  [19:44:27.663] getCompletionData: Get current token: 0.010572999715805054
Info 142  [19:44:27.663] getCompletionData: Is inside comment: 0.0014089997857809067
Info 143  [19:44:27.663] getCompletionData: Get previous token: 0.01846499927341938
Info 144  [19:44:27.663] getCompletionsAtPosition: isCompletionListBlocker: 0.00453999824821949
Info 145  [19:44:27.663] Returning an empty list because completion was requested in an invalid position.
Info 146  [19:44:27.663] getCompletionData: Get current token: 0.010540999472141266
Info 147  [19:44:27.663] getCompletionData: Is inside comment: 0.001390000805258751
Info 148  [19:44:27.663] getCompletionData: Get previous token: 0.01791200041770935
Info 149  [19:44:27.663] getCompletionsAtPosition: isCompletionListBlocker: 0.0036269985139369965
Info 150  [19:44:27.663] Returning an empty list because completion was requested in an invalid position.
Info 151  [19:44:27.869] Starting updateGraphWorker: Project: /home/tsotetsi/Projects/Code/Sandbox/crisp/jsconfig.json
Info 152  [19:44:27.879] Finishing updateGraphWorker: Project: /home/tsotetsi/Projects/Code/Sandbox/crisp/jsconfig.json Version: 15 structureChanged: false structureIsReused:: Completely Elapsed: 9.70172700099647ms
Info 153  [19:44:27.879] Different program with same set of files
Info 154  [19:44:27.921] Starting updateGraphWorker: Project: /home/tsotetsi/Projects/Code/Sandbox/crisp/jsconfig.json
Info 155  [19:44:27.926] Finishing updateGraphWorker: Project: /home/tsotetsi/Projects/Code/Sandbox/crisp/jsconfig.json Version: 16 structureChanged: false structureIsReused:: Completely Elapsed: 5.549012001603842ms
Info 156  [19:44:27.926] Different program with same set of files
Info 157  [19:44:28.652] Starting updateGraphWorker: Project: /home/tsotetsi/Projects/Code/Sandbox/crisp/jsconfig.json
Info 158  [19:44:28.656] Finishing updateGraphWorker: Project: /home/tsotetsi/Projects/Code/Sandbox/crisp/jsconfig.json Version: 17 structureChanged: false structureIsReused:: Completely Elapsed: 4.029841000214219ms
Info 159  [19:44:28.656] Different program with same set of files
Info 160  [19:44:28.657] getCompletionData: Get current token: 0.036869000643491745
Info 161  [19:44:28.657] getCompletionData: Is inside comment: 0.00426500104367733
Info 162  [19:44:28.657] getCompletionData: Get previous token: 0.07399899885058403
Info 163  [19:44:28.657] getCompletionsAtPosition: isCompletionListBlocker: 0.028111999854445457
Info 164  [19:44:28.657] Returning an empty list because completion was requested in an invalid position.
Info 165  [19:44:28.658] getCompletionData: Get current token: 0.031334999948740005
Info 166  [19:44:28.658] getCompletionData: Is inside comment: 0.004480000585317612
Info 167  [19:44:28.658] getCompletionData: Get previous token: 0.04931800067424774
Info 168  [19:44:28.658] getCompletionsAtPosition: isCompletionListBlocker: 0.013930000364780426
Info 169  [19:44:28.658] Returning an empty list because completion was requested in an invalid position.
Info 170  [19:44:28.658] getCompletionData: Get current token: 0.034591998904943466
Info 171  [19:44:28.658] getCompletionData: Is inside comment: 0.0029419995844364166
Info 172  [19:44:28.658] getCompletionData: Get previous token: 0.04768400080502033
Info 173  [19:44:28.658] getCompletionsAtPosition: isCompletionListBlocker: 0.008992999792098999
Info 174  [19:44:28.658] Returning an empty list because completion was requested in an invalid position.
Info 175  [19:44:28.659] getCompletionData: Get current token: 0.028137000277638435
Info 176  [19:44:28.659] getCompletionData: Is inside comment: 0.0035120006650686264
Info 177  [19:44:28.659] getCompletionData: Get previous token: 0.0400990005582571
Info 178  [19:44:28.659] getCompletionsAtPosition: isCompletionListBlocker: 0.010360000655055046
Info 179  [19:44:28.659] Returning an empty list because completion was requested in an invalid position.
Info 180  [19:44:28.695] Starting updateGraphWorker: Project: /home/tsotetsi/Projects/Code/Sandbox/crisp/jsconfig.json
Info 181  [19:44:28.698] Finishing updateGraphWorker: Project: /home/tsotetsi/Projects/Code/Sandbox/crisp/jsconfig.json Version: 18 structureChanged: false structureIsReused:: Completely Elapsed: 3.6528669986873865ms
Info 182  [19:44:28.698] Different program with same set of files
Info 183  [19:44:29.205] Starting updateGraphWorker: Project: /home/tsotetsi/Projects/Code/Sandbox/crisp/jsconfig.json
Info 184  [19:44:29.212] Finishing updateGraphWorker: Project: /home/tsotetsi/Projects/Code/Sandbox/crisp/jsconfig.json Version: 19 structureChanged: false structureIsReused:: Completely Elapsed: 6.428641999140382ms
Info 185  [19:44:29.212] Different program with same set of files
Info 186  [19:44:29.212] getCompletionData: Get current token: 0.012366000562906265
Info 187  [19:44:29.212] getCompletionData: Is inside comment: 0.0018430016934871674
Info 188  [19:44:29.212] getCompletionData: Get previous token: 0.024560000747442245
Info 189  [19:44:29.212] getCompletionsAtPosition: isCompletionListBlocker: 0.008292000740766525
Info 190  [19:44:29.212] Returning an empty list because completion was requested in an invalid position.
Info 191  [19:44:29.237] getCompletionData: Get current token: 0.012838000431656837
Info 192  [19:44:29.237] getCompletionData: Is inside comment: 0.0023050010204315186
Info 193  [19:44:29.237] getCompletionData: Get previous token: 0.020656999200582504
Info 194  [19:44:29.237] getCompletionsAtPosition: isCompletionListBlocker: 0.1264050006866455
Info 195  [19:44:29.237] Returning an empty list because completion was requested in an invalid position.
Info 196  [19:44:29.238] getCompletionData: Get current token: 0.016684001311659813
Info 197  [19:44:29.238] getCompletionData: Is inside comment: 0.0021880008280277252
Info 198  [19:44:29.238] getCompletionData: Get previous token: 0.028537001460790634
Info 199  [19:44:29.238] getCompletionsAtPosition: isCompletionListBlocker: 0.023971999064087868
Info 200  [19:44:29.238] Returning an empty list because completion was requested in an invalid position.
Info 201  [19:44:29.238] getCompletionData: Get current token: 0.010759999975562096
Info 202  [19:44:29.238] getCompletionData: Is inside comment: 0.0015970002859830856
Info 203  [19:44:29.238] getCompletionData: Get previous token: 0.01791200041770935
Info 204  [19:44:29.238] getCompletionsAtPosition: isCompletionListBlocker: 0.010069001466035843
Info 205  [19:44:29.238] Returning an empty list because completion was requested in an invalid position.
Info 206  [19:44:29.441] Starting updateGraphWorker: Project: /home/tsotetsi/Projects/Code/Sandbox/crisp/jsconfig.json
Info 207  [19:44:29.449] Finishing updateGraphWorker: Project: /home/tsotetsi/Projects/Code/Sandbox/crisp/jsconfig.json Version: 20 structureChanged: false structureIsReused:: Completely Elapsed: 7.809043999761343ms
Info 208  [19:44:29.449] Different program with same set of files
Info 209  [19:44:29.449] getCompletionData: Get current token: 0.04712500050663948
Info 210  [19:44:29.449] getCompletionData: Is inside comment: 0.006515000015497208
Info 211  [19:44:29.450] getCompletionData: Get previous token: 0.09817100130021572
Info 212  [19:44:29.450] getCompletionsAtPosition: isCompletionListBlocker: 0.042652999982237816
Info 213  [19:44:29.450] Returning an empty list because completion was requested in an invalid position.
Info 214  [19:44:29.485] getCompletionData: Get current token: 0.01085599884390831
Info 215  [19:44:29.485] getCompletionData: Is inside comment: 0.0018119998276233673
Info 216  [19:44:29.485] getCompletionData: Get previous token: 0.02013400010764599
Info 217  [19:44:29.485] getCompletionsAtPosition: isCompletionListBlocker: 0.018492000177502632
Info 218  [19:44:29.485] Returning an empty list because completion was requested in an invalid position.
Info 219  [19:44:29.486] getCompletionData: Get current token: 0.02231299877166748
Info 220  [19:44:29.486] getCompletionData: Is inside comment: 0.002229001373052597
Info 221  [19:44:29.486] getCompletionData: Get previous token: 0.028634998947381973
Info 222  [19:44:29.486] getCompletionsAtPosition: isCompletionListBlocker: 0.015519998967647552
Info 223  [19:44:29.486] Returning an empty list because completion was requested in an invalid position.
Info 224  [19:44:29.486] getCompletionData: Get current token: 0.020990999415516853
Info 225  [19:44:29.486] getCompletionData: Is inside comment: 0.0015750005841255188
Info 226  [19:44:29.486] getCompletionData: Get previous token: 0.020406000316143036
Info 227  [19:44:29.486] getCompletionsAtPosition: isCompletionListBlocker: 0.0065449997782707214
Info 228  [19:44:29.486] Returning an empty list because completion was requested in an invalid position.
Info 229  [19:44:29.486] Starting updateGraphWorker: Project: /home/tsotetsi/Projects/Code/Sandbox/crisp/jsconfig.json
Info 230  [19:44:29.491] Finishing updateGraphWorker: Project: /home/tsotetsi/Projects/Code/Sandbox/crisp/jsconfig.json Version: 21 structureChanged: false structureIsReused:: Completely Elapsed: 5.11501899920404ms
Info 231  [19:44:29.492] Different program with same set of files
Info 232  [19:44:30.152] Starting updateGraphWorker: Project: /home/tsotetsi/Projects/Code/Sandbox/crisp/jsconfig.json
Info 233  [19:44:30.159] Finishing updateGraphWorker: Project: /home/tsotetsi/Projects/Code/Sandbox/crisp/jsconfig.json Version: 22 structureChanged: false structureIsReused:: Completely Elapsed: 6.818298000842333ms
Info 234  [19:44:30.159] Different program with same set of files
Info 235  [19:44:30.829] Starting updateGraphWorker: Project: /home/tsotetsi/Projects/Code/Sandbox/crisp/jsconfig.json
Info 236  [19:44:30.835] Finishing updateGraphWorker: Project: /home/tsotetsi/Projects/Code/Sandbox/crisp/jsconfig.json Version: 23 structureChanged: false structureIsReused:: Completely Elapsed: 6.040582999587059ms
Info 237  [19:44:30.835] Different program with same set of files
Info 238  [19:44:30.836] getCompletionData: Get current token: 0.014260001480579376
Info 239  [19:44:30.836] getCompletionData: Is inside comment: 0.002001998946070671
Info 240  [19:44:30.836] getCompletionData: Get previous token: 0.030393000692129135
Info 241  [19:44:30.836] getCompletionsAtPosition: isCompletionListBlocker: 0.015342999249696732
Info 242  [19:44:30.836] Returning an empty list because completion was requested in an invalid position.
Info 243  [19:44:30.877] getCompletionData: Get current token: 0.012159999459981918
Info 244  [19:44:30.877] getCompletionData: Is inside comment: 0.0049430001527071
Info 245  [19:44:30.877] getCompletionData: Get previous token: 0.022303998470306396
Info 246  [19:44:30.877] getCompletionsAtPosition: isCompletionListBlocker: 0.01199600100517273
Info 247  [19:44:30.877] Returning an empty list because completion was requested in an invalid position.
Info 248  [19:44:30.877] getCompletionData: Get current token: 0.01182200014591217
Info 249  [19:44:30.877] getCompletionData: Is inside comment: 0.0016119983047246933
Info 250  [19:44:30.877] getCompletionData: Get previous token: 0.019321000203490257
Info 251  [19:44:30.877] getCompletionsAtPosition: isCompletionListBlocker: 0.005289999768137932
Info 252  [19:44:30.877] Returning an empty list because completion was requested in an invalid position.
Info 253  [19:44:30.877] getCompletionData: Get current token: 0.018993999809026718
Info 254  [19:44:30.877] getCompletionData: Is inside comment: 0.002248000353574753
Info 255  [19:44:30.877] getCompletionData: Get previous token: 0.031206998974084854
Info 256  [19:44:30.877] getCompletionsAtPosition: isCompletionListBlocker: 0.0055450014770030975
Info 257  [19:44:30.877] Returning an empty list because completion was requested in an invalid position.
Info 258  [19:44:30.882] Starting updateGraphWorker: Project: /home/tsotetsi/Projects/Code/Sandbox/crisp/jsconfig.json
Info 259  [19:44:30.888] Finishing updateGraphWorker: Project: /home/tsotetsi/Projects/Code/Sandbox/crisp/jsconfig.json Version: 24 structureChanged: false structureIsReused:: Completely Elapsed: 5.807221001014113ms
Info 260  [19:44:30.888] Different program with same set of files
Info 261  [19:44:31.366] Starting updateGraphWorker: Project: /home/tsotetsi/Projects/Code/Sandbox/crisp/jsconfig.json
Info 262  [19:44:31.373] Finishing updateGraphWorker: Project: /home/tsotetsi/Projects/Code/Sandbox/crisp/jsconfig.json Version: 25 structureChanged: false structureIsReused:: Completely Elapsed: 7.048768000677228ms
Info 263  [19:44:31.373] Different program with same set of files
Info 264  [19:44:31.407] Starting updateGraphWorker: Project: /home/tsotetsi/Projects/Code/Sandbox/crisp/jsconfig.json
Info 265  [19:44:31.410] Finishing updateGraphWorker: Project: /home/tsotetsi/Projects/Code/Sandbox/crisp/jsconfig.json Version: 26 structureChanged: false structureIsReused:: Completely Elapsed: 2.773386999964714ms
Info 266  [19:44:31.410] Different program with same set of files
Info 267  [19:44:31.585] getCompletionData: Get current token: 0.044137001037597656
Info 268  [19:44:31.585] getCompletionData: Is inside comment: 0.006839001551270485
Info 269  [19:44:31.585] getCompletionData: Get previous token: 0.08827600069344044
Info 270  [19:44:31.586] getCompletionsAtPosition: isCompletionListBlocker: 0.024946000427007675
Info 271  [19:44:31.586] Returning an empty list because completion was requested in an invalid position.
Info 272  [19:44:31.591] getCompletionData: Get current token: 0.03791099973022938
Info 273  [19:44:31.591] getCompletionData: Is inside comment: 0.0058469995856285095
Info 274  [19:44:31.591] getCompletionData: Get previous token: 0.05174499936401844
Info 275  [19:44:31.591] getCompletionsAtPosition: isCompletionListBlocker: 0.01622599922120571
Info 276  [19:44:31.591] Returning an empty list because completion was requested in an invalid position.
Info 277  [19:44:31.603] getCompletionData: Get current token: 0.027018999680876732
Info 278  [19:44:31.603] getCompletionData: Is inside comment: 0.004863999783992767
Info 279  [19:44:31.603] getCompletionData: Get previous token: 0.03736099973320961
Info 280  [19:44:31.603] getCompletionsAtPosition: isCompletionListBlocker: 0.03394399955868721
Info 281  [19:44:31.603] Returning an empty list because completion was requested in an invalid position.
Info 282  [19:44:31.608] getCompletionData: Get current token: 0.02680799923837185
Info 283  [19:44:31.608] getCompletionData: Is inside comment: 0.002740001305937767
Info 284  [19:44:31.608] getCompletionData: Get previous token: 0.023010000586509705
Info 285  [19:44:31.608] getCompletionsAtPosition: isCompletionListBlocker: 0.04576599970459938
Info 286  [19:44:31.608] Returning an empty list because completion was requested in an invalid position.
Info 287  [19:44:32.094] Starting updateGraphWorker: Project: /home/tsotetsi/Projects/Code/Sandbox/crisp/jsconfig.json
Info 288  [19:44:32.100] Finishing updateGraphWorker: Project: /home/tsotetsi/Projects/Code/Sandbox/crisp/jsconfig.json Version: 27 structureChanged: false structureIsReused:: Completely Elapsed: 5.727183999493718ms
Info 289  [19:44:32.100] Different program with same set of files
Info 290  [19:44:32.100] getCompletionData: Get current token: 0.015766000375151634
Info 291  [19:44:32.100] getCompletionData: Is inside comment: 0.002222999930381775
Info 292  [19:44:32.100] getCompletionData: Get previous token: 0.024887001141905785
Info 293  [19:44:32.100] getCompletionsAtPosition: isCompletionListBlocker: 0.008673999458551407
Info 294  [19:44:32.100] Returning an empty list because completion was requested in an invalid position.
Info 295  [19:44:32.123] getCompletionData: Get current token: 0.011656001210212708
Info 296  [19:44:32.123] getCompletionData: Is inside comment: 0.0015999991446733475
Info 297  [19:44:32.123] getCompletionData: Get previous token: 0.015521001070737839
Info 298  [19:44:32.123] getCompletionsAtPosition: isCompletionListBlocker: 0.008733000606298447
Info 299  [19:44:32.123] Returning an empty list because completion was requested in an invalid position.
Info 300  [19:44:32.124] getCompletionData: Get current token: 0.010738000273704529
Info 301  [19:44:32.124] getCompletionData: Is inside comment: 0.0012359991669654846
Info 302  [19:44:32.124] getCompletionData: Get previous token: 0.022122999653220177
Info 303  [19:44:32.124] getCompletionsAtPosition: isCompletionListBlocker: 0.004378000274300575
Info 304  [19:44:32.124] Returning an empty list because completion was requested in an invalid position.
Info 305  [19:44:32.124] getCompletionData: Get current token: 0.03151699900627136
Info 306  [19:44:32.124] getCompletionData: Is inside comment: 0.001338999718427658
Info 307  [19:44:32.124] getCompletionData: Get previous token: 0.01544099859893322
Info 308  [19:44:32.124] getCompletionsAtPosition: isCompletionListBlocker: 0.027505001053214073
Info 309  [19:44:32.124] Returning an empty list because completion was requested in an invalid position.
Info 310  [19:44:32.330] Starting updateGraphWorker: Project: /home/tsotetsi/Projects/Code/Sandbox/crisp/jsconfig.json
Info 311  [19:44:32.337] Finishing updateGraphWorker: Project: /home/tsotetsi/Projects/Code/Sandbox/crisp/jsconfig.json Version: 28 structureChanged: false structureIsReused:: Completely Elapsed: 7.497338000684977ms
Info 312  [19:44:32.337] Different program with same set of files
Info 313  [19:44:32.338] getCompletionData: Get current token: 0.04597100056707859
Info 314  [19:44:32.338] getCompletionData: Is inside comment: 0.00573199987411499
Info 315  [19:44:32.338] getCompletionData: Get previous token: 0.08096100017428398
Info 316  [19:44:32.338] getCompletionsAtPosition: isCompletionListBlocker: 0.02111699990928173
Info 317  [19:44:32.338] Returning an empty list because completion was requested in an invalid position.
Info 318  [19:44:32.365] getCompletionData: Get current token: 0.011797001585364342
Info 319  [19:44:32.365] getCompletionData: Is inside comment: 0.0017379987984895706
Info 320  [19:44:32.365] getCompletionData: Get previous token: 0.017563000321388245
Info 321  [19:44:32.365] getCompletionsAtPosition: isCompletionListBlocker: 0.008191999047994614
Info 322  [19:44:32.365] Returning an empty list because completion was requested in an invalid position.
Info 323  [19:44:32.367] getCompletionData: Get current token: 0.012004001066088676
Info 324  [19:44:32.367] getCompletionData: Is inside comment: 0.0017909985035657883
Info 325  [19:44:32.367] getCompletionData: Get previous token: 0.01773199997842312
Info 326  [19:44:32.367] getCompletionsAtPosition: isCompletionListBlocker: 0.007448000833392143
Info 327  [19:44:32.367] Returning an empty list because completion was requested in an invalid position.
Info 328  [19:44:32.368] getCompletionData: Get current token: 0.013549000024795532
Info 329  [19:44:32.368] getCompletionData: Is inside comment: 0.0019680000841617584
Info 330  [19:44:32.368] getCompletionData: Get previous token: 0.01971699856221676
Info 331  [19:44:32.368] getCompletionsAtPosition: isCompletionListBlocker: 0.006991999223828316
Info 332  [19:44:32.368] Returning an empty list because completion was requested in an invalid position.
Info 333  [19:44:33.877] Starting updateGraphWorker: Project: /home/tsotetsi/Projects/Code/Sandbox/crisp/jsconfig.json
Info 334  [19:44:33.890] Finishing updateGraphWorker: Project: /home/tsotetsi/Projects/Code/Sandbox/crisp/jsconfig.json Version: 29 structureChanged: false structureIsReused:: Completely Elapsed: 13.164783000946045ms
Info 335  [19:44:33.890] Different program with same set of files
Info 336  [19:45:09.550] DirectoryWatcher:: Triggered with /home/tsotetsi/Projects/Code/Sandbox/crisp/.next/server/_error.js :: WatchInfo: /home/tsotetsi/Projects/Code/Sandbox/crisp 1 undefined Config: /home/tsotetsi/Projects/Code/Sandbox/crisp/jsconfig.json WatchType: Wild card directory
Info 337  [19:45:09.551] Elapsed:: 0.6608540005981922ms DirectoryWatcher:: Triggered with /home/tsotetsi/Projects/Code/Sandbox/crisp/.next/server/_error.js :: WatchInfo: /home/tsotetsi/Projects/Code/Sandbox/crisp 1 undefined Config: /home/tsotetsi/Projects/Code/Sandbox/crisp/jsconfig.json WatchType: Wild card directory
Info 338  [19:45:09.551] DirectoryWatcher:: Triggered with /home/tsotetsi/Projects/Code/Sandbox/crisp/.next/server/middleware-manifest.json :: WatchInfo: /home/tsotetsi/Projects/Code/Sandbox/crisp 1 undefined Config: /home/tsotetsi/Projects/Code/Sandbox/crisp/jsconfig.json WatchType: Wild card directory
Info 339  [19:45:09.551] Project: /home/tsotetsi/Projects/Code/Sandbox/crisp/jsconfig.json Detected file add/remove of non supported extension: /home/tsotetsi/Projects/Code/Sandbox/crisp/.next/server/middleware-manifest.json
Info 340  [19:45:09.551] Elapsed:: 0.046567000448703766ms DirectoryWatcher:: Triggered with /home/tsotetsi/Projects/Code/Sandbox/crisp/.next/server/middleware-manifest.json :: WatchInfo: /home/tsotetsi/Projects/Code/Sandbox/crisp 1 undefined Config: /home/tsotetsi/Projects/Code/Sandbox/crisp/jsconfig.json WatchType: Wild card directory
Info 341  [19:45:09.551] DirectoryWatcher:: Triggered with /home/tsotetsi/Projects/Code/Sandbox/crisp/.next/server/middleware-react-loadable-manifest.js :: WatchInfo: /home/tsotetsi/Projects/Code/Sandbox/crisp 1 undefined Config: /home/tsotetsi/Projects/Code/Sandbox/crisp/jsconfig.json WatchType: Wild card directory
Info 342  [19:45:09.552] Elapsed:: 0.6610519997775555ms DirectoryWatcher:: Triggered with /home/tsotetsi/Projects/Code/Sandbox/crisp/.next/server/middleware-react-loadable-manifest.js :: WatchInfo: /home/tsotetsi/Projects/Code/Sandbox/crisp 1 undefined Config: /home/tsotetsi/Projects/Code/Sandbox/crisp/jsconfig.json WatchType: Wild card directory
Info 343  [19:45:09.552] DirectoryWatcher:: Triggered with /home/tsotetsi/Projects/Code/Sandbox/crisp/.next/server/middleware-build-manifest.js :: WatchInfo: /home/tsotetsi/Projects/Code/Sandbox/crisp 1 undefined Config: /home/tsotetsi/Projects/Code/Sandbox/crisp/jsconfig.json WatchType: Wild card directory
Info 344  [19:45:09.552] Elapsed:: 0.04566500149667263ms DirectoryWatcher:: Triggered with /home/tsotetsi/Projects/Code/Sandbox/crisp/.next/server/middleware-build-manifest.js :: WatchInfo: /home/tsotetsi/Projects/Code/Sandbox/crisp 1 undefined Config: /home/tsotetsi/Projects/Code/Sandbox/crisp/jsconfig.json WatchType: Wild card directory
Info 345  [19:45:09.552] DirectoryWatcher:: Triggered with /home/tsotetsi/Projects/Code/Sandbox/crisp/.next/server/pages-manifest.json :: WatchInfo: /home/tsotetsi/Projects/Code/Sandbox/crisp 1 undefined Config: /home/tsotetsi/Projects/Code/Sandbox/crisp/jsconfig.json WatchType: Wild card directory
Info 346  [19:45:09.552] Project: /home/tsotetsi/Projects/Code/Sandbox/crisp/jsconfig.json Detected file add/remove of non supported extension: /home/tsotetsi/Projects/Code/Sandbox/crisp/.next/server/pages-manifest.json
Info 347  [19:45:09.552] Elapsed:: 0.02250700071454048ms DirectoryWatcher:: Triggered with /home/tsotetsi/Projects/Code/Sandbox/crisp/.next/server/pages-manifest.json :: WatchInfo: /home/tsotetsi/Projects/Code/Sandbox/crisp 1 undefined Config: /home/tsotetsi/Projects/Code/Sandbox/crisp/jsconfig.json WatchType: Wild card directory
Info 348  [19:45:09.552] DirectoryWatcher:: Triggered with /home/tsotetsi/Projects/Code/Sandbox/crisp/.next/server/webpack-runtime.js :: WatchInfo: /home/tsotetsi/Projects/Code/Sandbox/crisp 1 undefined Config: /home/tsotetsi/Projects/Code/Sandbox/crisp/jsconfig.json WatchType: Wild card directory
Info 349  [19:45:09.552] Elapsed:: 0.05436000041663647ms DirectoryWatcher:: Triggered with /home/tsotetsi/Projects/Code/Sandbox/crisp/.next/server/webpack-runtime.js :: WatchInfo: /home/tsotetsi/Projects/Code/Sandbox/crisp 1 undefined Config: /home/tsotetsi/Projects/Code/Sandbox/crisp/jsconfig.json WatchType: Wild card directory
Info 350  [19:45:09.552] DirectoryWatcher:: Triggered with /home/tsotetsi/Projects/Code/Sandbox/crisp/.next/static/development/_ssgManifest.js :: WatchInfo: /home/tsotetsi/Projects/Code/Sandbox/crisp 1 undefined Config: /home/tsotetsi/Projects/Code/Sandbox/crisp/jsconfig.json WatchType: Wild card directory
Info 351  [19:45:09.552] Elapsed:: 0.05394299887120724ms DirectoryWatcher:: Triggered with /home/tsotetsi/Projects/Code/Sandbox/crisp/.next/static/development/_ssgManifest.js :: WatchInfo: /home/tsotetsi/Projects/Code/Sandbox/crisp 1 undefined Config: /home/tsotetsi/Projects/Code/Sandbox/crisp/jsconfig.json WatchType: Wild card directory
Info 352  [19:45:09.552] DirectoryWatcher:: Triggered with /home/tsotetsi/Projects/Code/Sandbox/crisp/.next/static/development/_buildManifest.js :: WatchInfo: /home/tsotetsi/Projects/Code/Sandbox/crisp 1 undefined Config: /home/tsotetsi/Projects/Code/Sandbox/crisp/jsconfig.json WatchType: Wild card directory
Info 353  [19:45:09.552] Elapsed:: 0.0438850000500679ms DirectoryWatcher:: Triggered with /home/tsotetsi/Projects/Code/Sandbox/crisp/.next/static/development/_buildManifest.js :: WatchInfo: /home/tsotetsi/Projects/Code/Sandbox/crisp 1 undefined Config: /home/tsotetsi/Projects/Code/Sandbox/crisp/jsconfig.json WatchType: Wild card directory
Info 354  [19:45:09.552] DirectoryWatcher:: Triggered with /home/tsotetsi/Projects/Code/Sandbox/crisp/.next/static/webpack/28094afec5854a7e.webpack.hot-update.json :: WatchInfo: /home/tsotetsi/Projects/Code/Sandbox/crisp 1 undefined Config: /home/tsotetsi/Projects/Code/Sandbox/crisp/jsconfig.json WatchType: Wild card directory
Info 355  [19:45:09.553] Project: /home/tsotetsi/Projects/Code/Sandbox/crisp/jsconfig.json Detected file add/remove of non supported extension: /home/tsotetsi/Projects/Code/Sandbox/crisp/.next/static/webpack/28094afec5854a7e.webpack.hot-update.json
Info 356  [19:45:09.553] Elapsed:: 0.03368399851024151ms DirectoryWatcher:: Triggered with /home/tsotetsi/Projects/Code/Sandbox/crisp/.next/static/webpack/28094afec5854a7e.webpack.hot-update.json :: WatchInfo: /home/tsotetsi/Projects/Code/Sandbox/crisp 1 undefined Config: /home/tsotetsi/Projects/Code/Sandbox/crisp/jsconfig.json WatchType: Wild card directory
Info 357  [19:45:09.553] DirectoryWatcher:: Triggered with /home/tsotetsi/Projects/Code/Sandbox/crisp/.next/static/webpack/83d1de17113adc75.webpack.hot-update.json :: WatchInfo: /home/tsotetsi/Projects/Code/Sandbox/crisp 1 undefined Config: /home/tsotetsi/Projects/Code/Sandbox/crisp/jsconfig.json WatchType: Wild card directory
Info 358  [19:45:09.553] Project: /home/tsotetsi/Projects/Code/Sandbox/crisp/jsconfig.json Detected file add/remove of non supported extension: /home/tsotetsi/Projects/Code/Sandbox/crisp/.next/static/webpack/83d1de17113adc75.webpack.hot-update.json
Info 359  [19:45:09.553] Elapsed:: 0.02147500030696392ms DirectoryWatcher:: Triggered with /home/tsotetsi/Projects/Code/Sandbox/crisp/.next/static/webpack/83d1de17113adc75.webpack.hot-update.json :: WatchInfo: /home/tsotetsi/Projects/Code/Sandbox/crisp 1 undefined Config: /home/tsotetsi/Projects/Code/Sandbox/crisp/jsconfig.json WatchType: Wild card directory
Info 360  [19:45:09.553] DirectoryWatcher:: Triggered with /home/tsotetsi/Projects/Code/Sandbox/crisp/.next/static/webpack/webpack.28094afec5854a7e.hot-update.js :: WatchInfo: /home/tsotetsi/Projects/Code/Sandbox/crisp 1 undefined Config: /home/tsotetsi/Projects/Code/Sandbox/crisp/jsconfig.json WatchType: Wild card directory
Info 361  [19:45:09.553] Elapsed:: 0.04331199824810028ms DirectoryWatcher:: Triggered with /home/tsotetsi/Projects/Code/Sandbox/crisp/.next/static/webpack/webpack.28094afec5854a7e.hot-update.js :: WatchInfo: /home/tsotetsi/Projects/Code/Sandbox/crisp 1 undefined Config: /home/tsotetsi/Projects/Code/Sandbox/crisp/jsconfig.json WatchType: Wild card directory
Info 362  [19:45:09.553] DirectoryWatcher:: Triggered with /home/tsotetsi/Projects/Code/Sandbox/crisp/.next/static/webpack/webpack.83d1de17113adc75.hot-update.js :: WatchInfo: /home/tsotetsi/Projects/Code/Sandbox/crisp 1 undefined Config: /home/tsotetsi/Projects/Code/Sandbox/crisp/jsconfig.json WatchType: Wild card directory
Info 363  [19:45:09.553] Elapsed:: 0.030350999906659126ms DirectoryWatcher:: Triggered with /home/tsotetsi/Projects/Code/Sandbox/crisp/.next/static/webpack/webpack.83d1de17113adc75.hot-update.js :: WatchInfo: /home/tsotetsi/Projects/Code/Sandbox/crisp 1 undefined Config: /home/tsotetsi/Projects/Code/Sandbox/crisp/jsconfig.json WatchType: Wild card directory
Info 364  [19:45:09.553] DirectoryWatcher:: Triggered with /home/tsotetsi/Projects/Code/Sandbox/crisp/.next/server/pages :: WatchInfo: /home/tsotetsi/Projects/Code/Sandbox/crisp 1 undefined Config: /home/tsotetsi/Projects/Code/Sandbox/crisp/jsconfig.json WatchType: Wild card directory
Info 365  [19:45:09.553] Elapsed:: 0.07660000026226044ms DirectoryWatcher:: Triggered with /home/tsotetsi/Projects/Code/Sandbox/crisp/.next/server/pages :: WatchInfo: /home/tsotetsi/Projects/Code/Sandbox/crisp 1 undefined Config: /home/tsotetsi/Projects/Code/Sandbox/crisp/jsconfig.json WatchType: Wild card directory
Info 366  [19:45:09.553] DirectoryWatcher:: Triggered with /home/tsotetsi/Projects/Code/Sandbox/crisp/.next/static/development :: WatchInfo: /home/tsotetsi/Projects/Code/Sandbox/crisp 1 undefined Config: /home/tsotetsi/Projects/Code/Sandbox/crisp/jsconfig.json WatchType: Wild card directory
Info 367  [19:45:09.553] Elapsed:: 0.049319999292492867ms DirectoryWatcher:: Triggered with /home/tsotetsi/Projects/Code/Sandbox/crisp/.next/static/development :: WatchInfo: /home/tsotetsi/Projects/Code/Sandbox/crisp 1 undefined Config: /home/tsotetsi/Projects/Code/Sandbox/crisp/jsconfig.json WatchType: Wild card directory
Info 368  [19:45:09.553] DirectoryWatcher:: Triggered with /home/tsotetsi/Projects/Code/Sandbox/crisp/.next/static/development :: WatchInfo: /home/tsotetsi/Projects/Code/Sandbox/crisp 1 undefined Config: /home/tsotetsi/Projects/Code/Sandbox/crisp/jsconfig.json WatchType: Wild card directory
Info 369  [19:45:09.553] Elapsed:: 0.03543500043451786ms DirectoryWatcher:: Triggered with /home/tsotetsi/Projects/Code/Sandbox/crisp/.next/static/development :: WatchInfo: /home/tsotetsi/Projects/Code/Sandbox/crisp 1 undefined Config: /home/tsotetsi/Projects/Code/Sandbox/crisp/jsconfig.json WatchType: Wild card directory
Info 370  [19:45:09.554] DirectoryWatcher:: Triggered with /home/tsotetsi/Projects/Code/Sandbox/crisp/.next/static/webpack :: WatchInfo: /home/tsotetsi/Projects/Code/Sandbox/crisp 1 undefined Config: /home/tsotetsi/Projects/Code/Sandbox/crisp/jsconfig.json WatchType: Wild card directory
Info 371  [19:45:09.554] Elapsed:: 0.09541800059378147ms DirectoryWatcher:: Triggered with /home/tsotetsi/Projects/Code/Sandbox/crisp/.next/static/webpack :: WatchInfo: /home/tsotetsi/Projects/Code/Sandbox/crisp 1 undefined Config: /home/tsotetsi/Projects/Code/Sandbox/crisp/jsconfig.json WatchType: Wild card directory
Info 372  [19:45:09.554] DirectoryWatcher:: Triggered with /home/tsotetsi/Projects/Code/Sandbox/crisp/.next/server :: WatchInfo: /home/tsotetsi/Projects/Code/Sandbox/crisp 1 undefined Config: /home/tsotetsi/Projects/Code/Sandbox/crisp/jsconfig.json WatchType: Wild card directory
Info 373  [19:45:09.554] Elapsed:: 0.034904999658465385ms DirectoryWatcher:: Triggered with /home/tsotetsi/Projects/Code/Sandbox/crisp/.next/server :: WatchInfo: /home/tsotetsi/Projects/Code/Sandbox/crisp 1 undefined Config: /home/tsotetsi/Projects/Code/Sandbox/crisp/jsconfig.json WatchType: Wild card directory
Info 374  [19:45:09.554] DirectoryWatcher:: Triggered with /home/tsotetsi/Projects/Code/Sandbox/crisp/.next/static/chunks :: WatchInfo: /home/tsotetsi/Projects/Code/Sandbox/crisp 1 undefined Config: /home/tsotetsi/Projects/Code/Sandbox/crisp/jsconfig.json WatchType: Wild card directory
Info 375  [19:45:09.554] Elapsed:: 0.024862000718712807ms DirectoryWatcher:: Triggered with /home/tsotetsi/Projects/Code/Sandbox/crisp/.next/static/chunks :: WatchInfo: /home/tsotetsi/Projects/Code/Sandbox/crisp 1 undefined Config: /home/tsotetsi/Projects/Code/Sandbox/crisp/jsconfig.json WatchType: Wild card directory
Info 376  [19:45:09.554] DirectoryWatcher:: Triggered with /home/tsotetsi/Projects/Code/Sandbox/crisp/.next/static :: WatchInfo: /home/tsotetsi/Projects/Code/Sandbox/crisp 1 undefined Config: /home/tsotetsi/Projects/Code/Sandbox/crisp/jsconfig.json WatchType: Wild card directory
Info 377  [19:45:09.554] Elapsed:: 0.017504999414086342ms DirectoryWatcher:: Triggered with /home/tsotetsi/Projects/Code/Sandbox/crisp/.next/static :: WatchInfo: /home/tsotetsi/Projects/Code/Sandbox/crisp 1 undefined Config: /home/tsotetsi/Projects/Code/Sandbox/crisp/jsconfig.json WatchType: Wild card directory
Info 378  [19:45:09.806] Starting updateGraphWorker: Project: /home/tsotetsi/Projects/Code/Sandbox/crisp/jsconfig.json
Info 379  [19:45:09.806] Finishing updateGraphWorker: Project: /home/tsotetsi/Projects/Code/Sandbox/crisp/jsconfig.json Version: 30 structureChanged: false structureIsReused:: Completely Elapsed: 0.5063450001180172ms
Info 380  [19:45:11.867] DirectoryWatcher:: Triggered with /home/tsotetsi/Projects/Code/Sandbox/crisp :: WatchInfo: /home/tsotetsi/Projects/Code/Sandbox/crisp 1 undefined Config: /home/tsotetsi/Projects/Code/Sandbox/crisp/jsconfig.json WatchType: Wild card directory
Info 381  [19:45:11.867] Elapsed:: 0.1806429997086525ms DirectoryWatcher:: Triggered with /home/tsotetsi/Projects/Code/Sandbox/crisp :: WatchInfo: /home/tsotetsi/Projects/Code/Sandbox/crisp 1 undefined Config: /home/tsotetsi/Projects/Code/Sandbox/crisp/jsconfig.json WatchType: Wild card directory
Info 382  [19:45:12.126] Starting updateGraphWorker: Project: /home/tsotetsi/Projects/Code/Sandbox/crisp/jsconfig.json
Info 383  [19:45:12.126] Finishing updateGraphWorker: Project: /home/tsotetsi/Projects/Code/Sandbox/crisp/jsconfig.json Version: 31 structureChanged: false structureIsReused:: Completely Elapsed: 0.30120999924838543ms
Info 384  [19:45:14.368] Before ensureProjectForOpenFiles:
Info 385  [19:45:14.368] After ensureProjectForOpenFiles:
Info 386  [19:45:14.368] got projects updated in background, updating diagnostics for /home/tsotetsi/Projects/Code/Sandbox/crisp/pages/index.js
Info 387  [19:45:15.338] DirectoryWatcher:: Triggered with /home/tsotetsi/Projects/Code/Sandbox/crisp :: WatchInfo: /home/tsotetsi/Projects/Code/Sandbox/crisp 1 undefined Config: /home/tsotetsi/Projects/Code/Sandbox/crisp/jsconfig.json WatchType: Wild card directory
Info 388  [19:45:15.338] Elapsed:: 0.10926599986851215ms DirectoryWatcher:: Triggered with /home/tsotetsi/Projects/Code/Sandbox/crisp :: WatchInfo: /home/tsotetsi/Projects/Code/Sandbox/crisp 1 undefined Config: /home/tsotetsi/Projects/Code/Sandbox/crisp/jsconfig.json WatchType: Wild card directory
Info 389  [19:45:15.595] Starting updateGraphWorker: Project: /home/tsotetsi/Projects/Code/Sandbox/crisp/jsconfig.json
Info 390  [19:45:15.595] Finishing updateGraphWorker: Project: /home/tsotetsi/Projects/Code/Sandbox/crisp/jsconfig.json Version: 32 structureChanged: false structureIsReused:: Completely Elapsed: 0.3677679989486933ms
Info 391  [19:45:17.838] Before ensureProjectForOpenFiles:
Info 392  [19:45:17.838] After ensureProjectForOpenFiles:
Info 393  [19:45:17.839] got projects updated in background, updating diagnostics for /home/tsotetsi/Projects/Code/Sandbox/crisp/pages/index.js
